/usr/class/ee/synopsys/dc_shell/G-2012.06-SP5-1/auxx/gui/dv/dv_setup.tcl
/usr/class/ee/synopsys/dc_shell/G-2012.06-SP5-1/auxx/gui/syn/snpsSynProcs.tcl
/usr/class/ee/synopsys/dc_shell/G-2012.06-SP5-1/auxx/tcllib/lib/tcl8.4/package.tcl
/usr/class/ee/synopsys/dc_shell/G-2012.06-SP5-1/auxx/gui/syn/layout/pkgIndex.tcl
/usr/class/ee/synopsys/dc_shell/G-2012.06-SP5-1/auxx/gui/common/WindowFrameWork/pkgIndex.tcl
/usr/class/ee/synopsys/dc_shell/G-2012.06-SP5-1/auxx/gui/common/acg/pkgIndex.tcl
/usr/class/ee/synopsys/dc_shell/G-2012.06-SP5-1/auxx/gui/common/dialogs/pkgIndex.tcl
/usr/class/ee/synopsys/dc_shell/G-2012.06-SP5-1/auxx/gui/common/docBrowser/pkgIndex.tcl
/usr/class/ee/synopsys/dc_shell/G-2012.06-SP5-1/auxx/gui/common/fanoutviewer/pkgIndex.tcl
/usr/class/ee/synopsys/dc_shell/G-2012.06-SP5-1/auxx/gui/common/hierarchy/pkgIndex.tcl
/usr/class/ee/synopsys/dc_shell/G-2012.06-SP5-1/auxx/gui/common/highlight/pkgIndex.tcl
/usr/class/ee/synopsys/dc_shell/G-2012.06-SP5-1/auxx/gui/common/histogram/pkgIndex.tcl
/usr/class/ee/synopsys/dc_shell/G-2012.06-SP5-1/auxx/gui/common/layout/pkgIndex.tcl
/usr/class/ee/synopsys/dc_shell/G-2012.06-SP5-1/auxx/gui/common/libviewer/pkgIndex.tcl
/usr/class/ee/synopsys/dc_shell/G-2012.06-SP5-1/auxx/gui/common/menus/pkgIndex.tcl
/usr/class/ee/synopsys/dc_shell/G-2012.06-SP5-1/auxx/gui/common/misc/pkgIndex.tcl
/usr/class/ee/synopsys/dc_shell/G-2012.06-SP5-1/auxx/gui/common/opdlg/pkgIndex.tcl
/usr/class/ee/synopsys/dc_shell/G-2012.06-SP5-1/auxx/gui/common/pathinspector/pkgIndex.tcl
/usr/class/ee/synopsys/dc_shell/G-2012.06-SP5-1/auxx/gui/common/profiler/pkgIndex.tcl
/usr/class/ee/synopsys/dc_shell/G-2012.06-SP5-1/auxx/gui/common/qtcl/pkgIndex.tcl
/usr/class/ee/synopsys/dc_shell/G-2012.06-SP5-1/auxx/gui/common/regressionToolkit/pkgIndex.tcl
/usr/class/ee/synopsys/dc_shell/G-2012.06-SP5-1/auxx/gui/common/schematic/pkgIndex.tcl
/usr/class/ee/synopsys/dc_shell/G-2012.06-SP5-1/auxx/gui/common/select/pkgIndex.tcl
/usr/class/ee/synopsys/dc_shell/G-2012.06-SP5-1/auxx/gui/common/setup/pkgIndex.tcl
/usr/class/ee/synopsys/dc_shell/G-2012.06-SP5-1/auxx/gui/common/strokes/pkgIndex.tcl
/usr/class/ee/synopsys/dc_shell/G-2012.06-SP5-1/auxx/gui/common/table/pkgIndex.tcl
/usr/class/ee/synopsys/dc_shell/G-2012.06-SP5-1/auxx/gui/common/tcl-dp/pkgIndex.tcl
/usr/class/ee/synopsys/dc_shell/G-2012.06-SP5-1/auxx/gui/common/timing/pkgIndex.tcl
/usr/class/ee/synopsys/dc_shell/G-2012.06-SP5-1/auxx/gui/common/view/pkgIndex.tcl
/usr/class/ee/synopsys/dc_shell/G-2012.06-SP5-1/auxx/tcllib/snps_tcl/snpsTclPro/pkgIndex.tcl
/usr/class/ee/synopsys/dc_shell/G-2012.06-SP5-1/auxx/tcllib/snps_tcl/snpsTest/pkgIndex.tcl
/usr/class/ee/synopsys/dc_shell/G-2012.06-SP5-1/auxx/tcllib/snps_tcl/snpsUtils/pkgIndex.tcl
/usr/class/ee/synopsys/dc_shell/G-2012.06-SP5-1/auxx/tcllib/snps_tcl/pkgIndex.tcl
/usr/class/ee/synopsys/dc_shell/G-2012.06-SP5-1/auxx/tcllib/lib/tcl8.4/dde/pkgIndex.tcl
/usr/class/ee/synopsys/dc_shell/G-2012.06-SP5-1/auxx/tcllib/lib/tcl8.4/http/pkgIndex.tcl
/usr/class/ee/synopsys/dc_shell/G-2012.06-SP5-1/auxx/tcllib/lib/tcl8.4/http1.0/pkgIndex.tcl
/usr/class/ee/synopsys/dc_shell/G-2012.06-SP5-1/auxx/tcllib/lib/tcl8.4/msgcat/pkgIndex.tcl
/usr/class/ee/synopsys/dc_shell/G-2012.06-SP5-1/auxx/tcllib/lib/tcl8.4/opt/pkgIndex.tcl
/usr/class/ee/synopsys/dc_shell/G-2012.06-SP5-1/auxx/tcllib/lib/tcl8.4/reg/pkgIndex.tcl
/usr/class/ee/synopsys/dc_shell/G-2012.06-SP5-1/auxx/tcllib/lib/tcl8.4/tcltest/pkgIndex.tcl
/usr/class/ee/synopsys/dc_shell/G-2012.06-SP5-1/auxx/gui/common/setup/snpsCommonSetup.tcl
/usr/class/ee/synopsys/dc_shell/G-2012.06-SP5-1/auxx/gui/common/setup/snpsCustomize.tcl
/usr/class/ee/synopsys/dc_shell/G-2012.06-SP5-1/auxx/gui/common/setup/snpsProcheck.tcl
/usr/class/ee/synopsys/dc_shell/G-2012.06-SP5-1/auxx/gui/common/qtcl/.synopsys_qtcl.tcl
/usr/class/ee/synopsys/dc_shell/G-2012.06-SP5-1/auxx/gui/common/highlight/highlight.tcl
/usr/class/ee/synopsys/dc_shell/G-2012.06-SP5-1/auxx/gui/common/misc/base.tcl
/usr/class/ee/synopsys/dc_shell/G-2012.06-SP5-1/auxx/gui/common/misc/timing.tcl
/usr/class/ee/synopsys/dc_shell/G-2012.06-SP5-1/auxx/gui/common/misc/setting.tcl
/usr/class/ee/synopsys/dc_shell/G-2012.06-SP5-1/auxx/gui/common/misc/preset.tcl
/usr/class/ee/synopsys/dc_shell/G-2012.06-SP5-1/auxx/gui/common/WindowFrameWork/windowFrameWork.tcl
/usr/class/ee/synopsys/dc_shell/G-2012.06-SP5-1/auxx/gui/common/WindowFrameWork/skipBusyCursorCmdList.tcl
/usr/class/ee/synopsys/dc_shell/G-2012.06-SP5-1/auxx/gui/common/docBrowser/docBrowser.tcl
/usr/class/ee/synopsys/dc_shell/G-2012.06-SP5-1/auxx/tcllib/snps_tcl/snpsUtils/snpsUtils.tcl
/usr/class/ee/synopsys/dc_shell/G-2012.06-SP5-1/auxx/gui/common/dialogs/ObjectChooser.tcl
/usr/class/ee/synopsys/dc_shell/G-2012.06-SP5-1/auxx/gui/common/misc/DialogObjectChooser.tcl
/usr/class/ee/synopsys/dc_shell/G-2012.06-SP5-1/auxx/gui/common/dialogs/HistBinInformation.tcl
/usr/class/ee/synopsys/dc_shell/G-2012.06-SP5-1/auxx/gui/common/dialogs/HistBin1Information.tcl
/usr/class/ee/synopsys/dc_shell/G-2012.06-SP5-1/auxx/gui/common/dialogs/BinsOnlyInformation.tcl
/usr/class/ee/synopsys/dc_shell/G-2012.06-SP5-1/auxx/gui/common/dialogs/FileChooser.tcl
/usr/class/ee/synopsys/dc_shell/G-2012.06-SP5-1/auxx/gui/common/dialogs/PathPinSimpleInfo.tcl
/usr/class/ee/synopsys/dc_shell/G-2012.06-SP5-1/auxx/gui/common/dialogs/PathsBasicInfo.tcl
/usr/class/ee/synopsys/dc_shell/G-2012.06-SP5-1/auxx/gui/common/dialogs/PathsBasicSimpleInfo.tcl
/usr/class/ee/synopsys/dc_shell/G-2012.06-SP5-1/auxx/gui/common/dialogs/SlctOperationInfo.tcl
/usr/class/ee/synopsys/dc_shell/G-2012.06-SP5-1/auxx/gui/common/dialogs/ObjectListInfo.tcl
/usr/class/ee/synopsys/dc_shell/G-2012.06-SP5-1/auxx/gui/common/dialogs/FanInOutInfo.tcl
/usr/class/ee/synopsys/dc_shell/G-2012.06-SP5-1/auxx/gui/common/dialogs/NumberOfLevelsChooser.tcl
/usr/class/ee/synopsys/dc_shell/G-2012.06-SP5-1/auxx/gui/common/dialogs/WindowReuseInfo.tcl
/usr/class/ee/synopsys/dc_shell/G-2012.06-SP5-1/auxx/gui/common/dialogs/ReportOutputOptionInfo.tcl
/usr/class/ee/synopsys/dc_shell/G-2012.06-SP5-1/auxx/gui/common/setup/snpsCollections.tcl
/usr/class/ee/synopsys/dc_shell/G-2012.06-SP5-1/auxx/gui/common/dialogs/CompileLinkDesign.tcl
/usr/class/ee/synopsys/dc_shell/G-2012.06-SP5-1/auxx/gui/common/histogram/DialogEndpointSlack.tcl
/usr/class/ee/synopsys/dc_shell/G-2012.06-SP5-1/auxx/gui/common/histogram/DialogPathsSlack.tcl
/usr/class/ee/synopsys/dc_shell/G-2012.06-SP5-1/auxx/gui/common/histogram/DialogNetCapacitance.tcl
/usr/class/ee/synopsys/dc_shell/G-2012.06-SP5-1/auxx/gui/common/schematic/DialogPathSchematicFanInOut.tcl
/usr/class/ee/synopsys/dc_shell/G-2012.06-SP5-1/auxx/gui/common/schematic/DialogPathSchematicAddPaths.tcl
/afs/ir.stanford.edu/users/n/i/nipuna1/ee271/ee271_final_project/assignment/assignment3/synth/rast_dc.tcl
/afs/ir.stanford.edu/users/n/i/nipuna1/ee271/ee271_final_project/assignment/assignment3/genesis_synth/dff_unq1.v
/afs/ir.stanford.edu/users/n/i/nipuna1/ee271/ee271_final_project/assignment/assignment3/genesis_synth/dff2_unq1.v
/afs/ir.stanford.edu/users/n/i/nipuna1/ee271/ee271_final_project/assignment/assignment3/genesis_synth/dff3_unq1.v
/afs/ir.stanford.edu/users/n/i/nipuna1/ee271/ee271_final_project/assignment/assignment3/genesis_synth/dff2_unq2.v
/afs/ir.stanford.edu/users/n/i/nipuna1/ee271/ee271_final_project/assignment/assignment3/genesis_synth/dff3_unq2.v
/afs/ir.stanford.edu/users/n/i/nipuna1/ee271/ee271_final_project/assignment/assignment3/genesis_synth/dff_unq2.v
/afs/ir.stanford.edu/users/n/i/nipuna1/ee271/ee271_final_project/assignment/assignment3/genesis_synth/dff_unq3.v
/afs/ir.stanford.edu/users/n/i/nipuna1/ee271/ee271_final_project/assignment/assignment3/genesis_synth/dff2_unq3.v
/afs/ir.stanford.edu/users/n/i/nipuna1/ee271/ee271_final_project/assignment/assignment3/genesis_synth/dff3_unq3.v
/afs/ir.stanford.edu/users/n/i/nipuna1/ee271/ee271_final_project/assignment/assignment3/genesis_synth/dff2_unq4.v
/afs/ir.stanford.edu/users/n/i/nipuna1/ee271/ee271_final_project/assignment/assignment3/genesis_synth/dff3_unq4.v
/afs/ir.stanford.edu/users/n/i/nipuna1/ee271/ee271_final_project/assignment/assignment3/genesis_synth/dff_unq4.v
/afs/ir.stanford.edu/users/n/i/nipuna1/ee271/ee271_final_project/assignment/assignment3/genesis_synth/bbox_unq1.v
/afs/ir.stanford.edu/users/n/i/nipuna1/ee271/ee271_final_project/assignment/assignment3/genesis_synth/dff_unq5.v
/afs/ir.stanford.edu/users/n/i/nipuna1/ee271/ee271_final_project/assignment/assignment3/genesis_synth/dff_unq6.v
/afs/ir.stanford.edu/users/n/i/nipuna1/ee271/ee271_final_project/assignment/assignment3/genesis_synth/test_iterator_unq1.v
/afs/ir.stanford.edu/users/n/i/nipuna1/ee271/ee271_final_project/assignment/assignment3/genesis_synth/tree_hash_unq1.v
/afs/ir.stanford.edu/users/n/i/nipuna1/ee271/ee271_final_project/assignment/assignment3/genesis_synth/dff_unq7.v
/afs/ir.stanford.edu/users/n/i/nipuna1/ee271/ee271_final_project/assignment/assignment3/genesis_synth/dff2_unq5.v
/afs/ir.stanford.edu/users/n/i/nipuna1/ee271/ee271_final_project/assignment/assignment3/genesis_synth/dff3_unq5.v
/afs/ir.stanford.edu/users/n/i/nipuna1/ee271/ee271_final_project/assignment/assignment3/genesis_synth/dff2_unq6.v
/afs/ir.stanford.edu/users/n/i/nipuna1/ee271/ee271_final_project/assignment/assignment3/genesis_synth/dff_unq8.v
/afs/ir.stanford.edu/users/n/i/nipuna1/ee271/ee271_final_project/assignment/assignment3/genesis_synth/hash_jtree_unq1.v
/afs/ir.stanford.edu/users/n/i/nipuna1/ee271/ee271_final_project/assignment/assignment3/genesis_synth/dff_unq9.v
/afs/ir.stanford.edu/users/n/i/nipuna1/ee271/ee271_final_project/assignment/assignment3/genesis_synth/dff2_unq7.v
/afs/ir.stanford.edu/users/n/i/nipuna1/ee271/ee271_final_project/assignment/assignment3/genesis_synth/dff_unq10.v
/afs/ir.stanford.edu/users/n/i/nipuna1/ee271/ee271_final_project/assignment/assignment3/genesis_synth/sampletest_unq1.v
/afs/ir.stanford.edu/users/n/i/nipuna1/ee271/ee271_final_project/assignment/assignment3/genesis_synth/rast.v
/usr/class/ee271/project/lib/TSMC_45nm/tcbn45gsbwpml.db
/usr/class/ee/synopsys/dc_shell/G-2012.06-SP5-1/libraries/syn/dw_foundation.sldb
/usr/class/ee/synopsys/dc_shell/G-2012.06-SP5-1/libraries/syn/gtech.db
/usr/class/ee/synopsys/dc_shell/G-2012.06-SP5-1/libraries/syn/standard.sldb
/usr/class/ee271/project/lib/TSMC_45nm/tcbn45gsbwpml.db
/afs/ir.stanford.edu/users/n/i/nipuna1/ee271/ee271_final_project/assignment/assignment3/synth/alib-52/tcbn45gsbwpml.db.alib
/afs/ir.stanford.edu/users/n/i/nipuna1/ee271/ee271_final_project/assignment/assignment3/synth/alib-52/alib_analyze_libs.tcl.e
/usr/class/ee271/project/lib/TSMC_45nm/tcbn45gsbwpml.db
/afs/ir.stanford.edu/users/n/i/nipuna1/ee271/ee271_final_project/assignment/assignment3/synth/alib-52/tcbn45gsbwpml.db.alib
/afs/ir/users/n/i/nipuna1/synopsys_cache_G-2012.06-SP5-1/DW01/DW01_NAND2/str/tcbn45gsbwpml_8220_8167_508/element.ddc
