 ++++++++++++++++++++++++++++++++++++++++ 
 Simulation Start 
 ++++++++++++++++++++++++++++++++++++++++ 

@46000: Halted 
@47000: Invalid Data 
@48000: Invalid Data 
@49000: Invalid Data 
@50000: Invalid Data 
@51000: 
		uP.v_0.x: 257.003906	uP.v_0.y: 139.613281	uP.v_1.x: 256.552734	uP.v_1.y: 140.348633	
		uP.v_2.x: 257.132812	uP.v_2.y: 139.108398	
		box.ll.x:256.500000	box.ll.y:139.000000	box.ur.x:257.000000	box.ur.y:140.250000	
@52000: Halted 
@53000: Halted 
@54000: Halted 
@55000: Halted 
@56000: Halted 
@57000: Halted 
@58000: Halted 
@59000: Halted 
@60000: Halted 
@61000: Halted 
@62000: Halted 
@63000: Halted 
@64000: Halted 
@65000: Halted 
@66000: Halted 
@67000: Halted 
@68000: Halted 
@69000: Halted 
@70000: Halted 
@71000: Halted 
@72000: Halted 
@73000: Halted 
@74000: Halted 
@75000: Halted 
@76000: Halted 
@77000: Halted 
@78000: Halted 
@79000: Halted 
@80000: Halted 
@81000: Halted 
@82000: Halted 
@83000: Halted 
@84000: Halted 
@85000: Halted 
@86000: Halted 
@87000: Halted 
@88000: Halted 
@89000: Halted 
@90000: Halted 
@91000: Halted 
@92000: Halted 
@93000: Halted 
@94000: Halted 
@95000: Halted 
@96000: Halted 
@97000: Halted 
@98000: Halted 
@99000: Halted 
@100000: Halted 
@101000: Halted 
@102000: Halted 
@103000: Halted 
@104000: Halted 
@105000: Halted 
@106000: Halted 
@107000: Halted 
@108000: Halted 
@109000: Halted 
@110000: Halted 
@111000: Halted 
@112000: Halted 
@113000: Halted 
@114000: Halted 
@115000: Halted 
@116000: Halted 
@117000: Halted 
@118000: Halted 
@119000: Halted 
@120000: Halted 
@121000: Halted 
@122000: Halted 
@123000: Halted 
@124000: Halted 
@125000: Halted 
@126000: Halted 
@127000: Halted 
@128000: Halted 
@129000: Halted 
@130000: Halted 
@131000: Halted 
@132000: Halted 
@133000: Halted 
@134000: Halted 
@135000: Halted 
@136000: Halted 
@137000: Halted 
@138000: Halted 
@139000: Halted 
@140000: Halted 
@141000: Halted 
@142000: Halted 
@143000: Halted 
@144000: Halted 
@145000: Halted 
@146000: Halted 
@147000: Halted 
@148000: Halted 
@149000: Halted 
@150000: Halted 
@151000: Halted 
@152000: Halted 
@153000: Halted 
@154000: Halted 
@155000: Halted 
@156000: Halted 
@157000: Halted 
@158000: Halted 
@159000: Halted 
@160000: Halted 
@161000: Halted 
@162000: Halted 
@163000: Halted 
@164000: Halted 
@165000: Halted 
@166000: Halted 
@167000: Halted 
@168000: Halted 
@169000: Halted 
@170000: Halted 
@171000: Halted 
@172000: Halted 
@173000: Halted 
@174000: Halted 
@175000: Halted 
@176000: Halted 
@177000: Halted 
@178000: Halted 
@179000: Halted 
@180000: Halted 
@181000: Halted 
@182000: Halted 
@183000: Halted 
@184000: Halted 
@185000: Halted 
@186000: Halted 
@187000: Halted 
@188000: Halted 
@189000: Halted 
@190000: Halted 
@191000: Halted 
@192000: Halted 
@193000: Halted 
@194000: Halted 
@195000: Halted 
@196000: Halted 
@197000: Halted 
@198000: Halted 
@199000: Halted 
@200000: Halted 
@201000: Halted 
@202000: Halted 
@203000: Halted 
@204000: Halted 
@205000: Halted 
@206000: Halted 
@207000: Halted 
@208000: Halted 
@209000: Halted 
@210000: Halted 
@211000: Halted 
@212000: Halted 
@213000: Halted 
@214000: Halted 
@215000: Halted 
@216000: Halted 
@217000: Halted 
@218000: Halted 
@219000: Halted 
@220000: Halted 
@221000: Halted 
@222000: Halted 
@223000: Halted 
@224000: Halted 
@225000: Halted 
@226000: Halted 
@227000: Halted 
@228000: Halted 
@229000: Halted 
@230000: Halted 
@231000: Halted 
@232000: Halted 
@233000: Halted 
@234000: Halted 
@235000: Halted 
@236000: Halted 
@237000: Halted 
@238000: Halted 
@239000: Halted 
@240000: Halted 
@241000: Halted 
@242000: Halted 
@243000: Halted 
@244000: Halted 
@245000: Halted 
@246000: Halted 
@247000: Halted 
@248000: Halted 
@249000: Halted 
@250000: Halted 
@251000: Halted 
@252000: Halted 
@253000: Halted 
@254000: Halted 
@255000: Halted 
@256000: Halted 
@257000: Halted 
@258000: Halted 
@259000: Halted 
@260000: Halted 
@261000: Halted 
@262000: Halted 
@263000: Halted 
@264000: Halted 
@265000: Halted 
@266000: Halted 
@267000: Halted 
@268000: Halted 
@269000: Halted 
@270000: Halted 
@271000: Halted 
@272000: Halted 
@273000: Halted 
@274000: Halted 
@275000: Halted 
@276000: Halted 
@277000: Halted 
@278000: Halted 
@279000: Halted 
@280000: Halted 
@281000: Halted 
@282000: Halted 
@283000: Halted 
@284000: Halted 
@285000: Halted 
@286000: Halted 
@287000: Halted 
@288000: Halted 
@289000: Halted 
@290000: Halted 
@291000: Halted 
@292000: Halted 
@293000: Halted 
@294000: Halted 
@295000: Halted 
@296000: Halted 
@297000: Halted 
@298000: Halted 
@299000: Halted 
@300000: Halted 
@301000: Halted 
@302000: Halted 
@303000: Halted 
@304000: Halted 
@305000: Halted 
@306000: Halted 
@307000: Halted 
@308000: Halted 
@309000: Halted 
@310000: Halted 
@311000: Halted 
@312000: Halted 
@313000: Halted 
@314000: Halted 
@315000: Halted 
@316000: Halted 
@317000: Halted 
@318000: Halted 
@319000: Halted 
@320000: Halted 
@321000: Halted 
@322000: Halted 
@323000: Halted 
@324000: Halted 
@325000: Halted 
@326000: Halted 
@327000: Halted 
@328000: Halted 
@329000: Halted 
@330000: Halted 
@331000: Halted 
@332000: Halted 
@333000: Halted 
@334000: Halted 
@335000: Halted 
@336000: Halted 
@337000: Halted 
@338000: Halted 
@339000: Halted 
@340000: Halted 
@341000: Halted 
@342000: Halted 
@343000: Halted 
@344000: Halted 
@345000: Halted 
@346000: Halted 
@347000: Halted 
@348000: Halted 
@349000: Halted 
@350000: Halted 
@351000: Halted 
@352000: Halted 
@353000: Halted 
@354000: Halted 
@355000: Halted 
@356000: Halted 
@357000: Halted 
@358000: Halted 
@359000: Halted 
@360000: Halted 
@361000: Halted 
@362000: Halted 
@363000: Halted 
@364000: Halted 
@365000: Halted 
@366000: Halted 
@367000: Halted 
@368000: Halted 
@369000: Halted 
@370000: Halted 
@371000: Halted 
@372000: Halted 
@373000: Halted 
@374000: Halted 
@375000: Halted 
@376000: Halted 
@377000: Halted 
@378000: Halted 
@379000: Halted 
@380000: Halted 
@381000: Halted 
@382000: Halted 
@383000: Halted 
@384000: Halted 
@385000: Halted 
@386000: Halted 
@387000: Halted 
@388000: Halted 
@389000: Halted 
@390000: Halted 
@391000: Halted 
@392000: Halted 
@393000: Halted 
@394000: Halted 
@395000: Halted 
@396000: Halted 
@397000: Halted 
@398000: Halted 
@399000: Halted 
@400000: Halted 
@401000: Halted 
@402000: Halted 
@403000: Halted 
@404000: Halted 
@405000: Halted 
@406000: Halted 
@407000: Halted 
@408000: Halted 
@409000: Halted 
@410000: Halted 
@411000: Halted 
@412000: Halted 
@413000: Halted 
@414000: Halted 
@415000: Halted 
@416000: Halted 
@417000: Halted 
@418000: Halted 
@419000: Halted 
@420000: Halted 
@421000: Halted 
@422000: Halted 
@423000: Halted 
@424000: Halted 
@425000: Halted 
@426000: Halted 
@427000: Halted 
@428000: Halted 
@429000: Halted 
@430000: Halted 
@431000: Halted 
@432000: Halted 
@433000: Halted 
@434000: Halted 
@435000: Halted 
@436000: Halted 
@437000: Halted 
@438000: Halted 
@439000: Halted 
@440000: Halted 
@441000: Halted 
@442000: Halted 
@443000: Halted 
@444000: Halted 
@445000: Halted 
@446000: Halted 
@447000: Halted 
@448000: Halted 
@449000: Halted 
@450000: Halted 
@451000: Halted 
@452000: Halted 
@453000: Halted 
@454000: Halted 
@455000: Halted 
@456000: Halted 
@457000: Halted 
@458000: Halted 
@459000: Halted 
@460000: Halted 
@461000: Halted 
@462000: Halted 
@463000: Halted 
@464000: Halted 
@465000: Halted 
@466000: Halted 
@467000: Halted 
@468000: Halted 
@469000: Halted 
@470000: Halted 
@471000: Halted 
@472000: Halted 
@473000: Halted 
@474000: Halted 
@475000: Halted 
@476000: Halted 
@477000: Halted 
@478000: Halted 
@479000: Halted 
@480000: Halted 
@481000: Halted 
@482000: Halted 
@483000: Halted 
@484000: Halted 
@485000: Halted 
@486000: Halted 
@487000: Halted 
@488000: Halted 
@489000: Halted 
@490000: Halted 
@491000: Halted 
@492000: Halted 
@493000: Halted 
@494000: Halted 
@495000: Halted 
@496000: Halted 
@497000: Halted 
@498000: Halted 
@499000: Halted 
@500000: Halted 
@501000: Halted 
@502000: Halted 
@503000: Halted 
@504000: Halted 
@505000: Halted 
@506000: Halted 
@507000: Halted 
@508000: Halted 
@509000: Halted 
@510000: Halted 
@511000: Halted 
@512000: Halted 
@513000: Halted 
@514000: Halted 
@515000: Halted 
@516000: Halted 
@517000: Halted 
@518000: Halted 
@519000: Halted 
@520000: Halted 
@521000: Halted 
@522000: Halted 
@523000: Halted 
@524000: Halted 
@525000: Halted 
@526000: Halted 
@527000: Halted 
@528000: Halted 
@529000: Halted 
@530000: Halted 
@531000: Halted 
@532000: Halted 
@533000: Halted 
@534000: Halted 
@535000: Halted 
@536000: Halted 
@537000: Halted 
@538000: Halted 
@539000: Halted 
@540000: Halted 
@541000: Halted 
@542000: Halted 
@543000: Halted 
@544000: Halted 
@545000: Halted 
@546000: Halted 
@547000: Halted 
@548000: Halted 
@549000: Halted 
@550000: Halted 
@551000: Halted 
@552000: Halted 
@553000: Halted 
@554000: Halted 
@555000: Halted 
@556000: Halted 
@557000: Halted 
@558000: Halted 
@559000: Halted 
@560000: Halted 
@561000: Halted 
@562000: Halted 
@563000: Halted 
@564000: Halted 
@565000: Halted 
@566000: Halted 
@567000: Halted 
@568000: Halted 
@569000: Halted 
@570000: Halted 
@571000: Halted 
@572000: Halted 
@573000: Halted 
@574000: Halted 
@575000: Halted 
@576000: Halted 
@577000: Halted 
@578000: Halted 
@579000: Halted 
@580000: Halted 
@581000: Halted 
@582000: Halted 
@583000: Halted 
@584000: Halted 
@585000: Halted 
@586000: Halted 
@587000: Halted 
@588000: Halted 
@589000: Halted 
@590000: Halted 
@591000: Halted 
@592000: Halted 
@593000: Halted 
@594000: Halted 
@595000: Halted 
@596000: Halted 
@597000: Halted 
@598000: Halted 
@599000: Halted 
@600000: Halted 
@601000: Halted 
@602000: Halted 
@603000: Halted 
@604000: Halted 
@605000: Halted 
@606000: Halted 
@607000: Halted 
@608000: Halted 
@609000: Halted 
@610000: Halted 
@611000: Halted 
@612000: Halted 
@613000: Halted 
@614000: Halted 
@615000: Halted 
@616000: Halted 
@617000: Halted 
@618000: Halted 
@619000: Halted 
@620000: Halted 
@621000: Halted 
@622000: Halted 
@623000: Halted 
@624000: Halted 
@625000: Halted 
@626000: Halted 
@627000: Halted 
@628000: Halted 
@629000: Halted 
@630000: Halted 
@631000: Halted 
@632000: Halted 
@633000: Halted 
@634000: Halted 
@635000: Halted 
@636000: Halted 
@637000: Halted 
@638000: Halted 
@639000: Halted 
@640000: Halted 
@641000: Halted 
@642000: Halted 
@643000: Halted 
@644000: Halted 
@645000: Halted 
@646000: Halted 
@647000: Halted 
@648000: Halted 
@649000: Halted 
@650000: Halted 
@651000: Halted 
@652000: Halted 
@653000: Halted 
@654000: Halted 
@655000: Halted 
@656000: Halted 
@657000: Halted 
@658000: Halted 
@659000: Halted 
@660000: Halted 
@661000: Halted 
@662000: Halted 
@663000: Halted 
@664000: Halted 
@665000: Halted 
@666000: Halted 
@667000: Halted 
@668000: Halted 
@669000: Halted 
@670000: Halted 
@671000: Halted 
@672000: Halted 
@673000: Halted 
@674000: Halted 
@675000: Halted 
@676000: Halted 
@677000: Halted 
@678000: Halted 
@679000: Halted 
@680000: Halted 
@681000: Halted 
@682000: Halted 
@683000: Halted 
@684000: Halted 
@685000: Halted 
@686000: Halted 
@687000: Halted 
@688000: Halted 
@689000: Halted 
@690000: Halted 
@691000: Halted 
@692000: Halted 
@693000: Halted 
@694000: Halted 
@695000: Halted 
@696000: Halted 
@697000: Halted 
@698000: Halted 
@699000: Halted 
@700000: Halted 
@701000: Halted 
@702000: Halted 
@703000: Halted 
@704000: Halted 
@705000: Halted 
@706000: Halted 
@707000: Halted 
@708000: Halted 
@709000: Halted 
@710000: Halted 
@711000: Halted 
@712000: Halted 
@713000: Halted 
@714000: Halted 
@715000: Halted 
@716000: Halted 
@717000: Halted 
@718000: Halted 
@719000: Halted 
@720000: Halted 
@721000: Halted 
@722000: Halted 
@723000: Halted 
@724000: Halted 
@725000: Halted 
@726000: Halted 
@727000: Halted 
@728000: Halted 
@729000: Halted 
@730000: Halted 
@731000: Halted 
@732000: Halted 
@733000: Halted 
@734000: Halted 
@735000: Halted 
@736000: Halted 
@737000: Halted 
@738000: Halted 
@739000: Halted 
@740000: Halted 
@741000: Halted 
@742000: Halted 
@743000: Halted 
@744000: Halted 
@745000: Halted 
@746000: Halted 
@747000: Halted 
@748000: Halted 
@749000: Halted 
@750000: Halted 
@751000: Halted 
@752000: Halted 
@753000: Halted 
@754000: Halted 
@755000: Halted 
@756000: Halted 
@757000: Halted 
@758000: Halted 
@759000: Halted 
@760000: Halted 
@761000: Halted 
@762000: Halted 
@763000: Halted 
@764000: Halted 
@765000: Halted 
@766000: Halted 
@767000: Halted 
@768000: Halted 
@769000: Halted 
@770000: Halted 
@771000: Halted 
@772000: Halted 
@773000: Halted 
@774000: Halted 
@775000: Halted 
@776000: Halted 
@777000: Halted 
@778000: Halted 
@779000: Halted 
@780000: Halted 
@781000: Halted 
@782000: Halted 
@783000: Halted 
@784000: Halted 
@785000: Halted 
@786000: Halted 
@787000: Halted 
@788000: Halted 
@789000: Halted 
@790000: Halted 
@791000: Halted 
@792000: Halted 
@793000: Halted 
@794000: Halted 
@795000: Halted 
@796000: Halted 
@797000: Halted 
@798000: Halted 
@799000: Halted 
@800000: Halted 
@801000: Halted 
@802000: Halted 
@803000: Halted 
@804000: Halted 
@805000: Halted 
@806000: Halted 
@807000: Halted 
@808000: Halted 
@809000: Halted 
@810000: Halted 
@811000: Halted 
@812000: Halted 
@813000: Halted 
@814000: Halted 
@815000: Halted 
@816000: Halted 
@817000: Halted 
@818000: Halted 
@819000: Halted 
@820000: Halted 
@821000: Halted 
@822000: Halted 
@823000: Halted 
@824000: Halted 
@825000: Halted 
@826000: Halted 
@827000: Halted 
@828000: Halted 
@829000: Halted 
@830000: Halted 
@831000: Halted 
@832000: Halted 
@833000: Halted 
@834000: Halted 
@835000: Halted 
@836000: Halted 
@837000: Halted 
@838000: Halted 
@839000: Halted 
@840000: Halted 
@841000: Halted 
@842000: Halted 
@843000: Halted 
@844000: Halted 
@845000: Halted 
@846000: Halted 
@847000: Halted 
@848000: Halted 
@849000: Halted 
@850000: Halted 
@851000: Halted 
@852000: Halted 
@853000: Halted 
@854000: Halted 
@855000: Halted 
@856000: Halted 
@857000: Halted 
@858000: Halted 
@859000: Halted 
@860000: Halted 
@861000: Halted 
@862000: Halted 
@863000: Halted 
@864000: Halted 
@865000: Halted 
@866000: Halted 
@867000: Halted 
@868000: Halted 
@869000: Halted 
@870000: Halted 
@871000: Halted 
@872000: Halted 
@873000: Halted 
@874000: Halted 
@875000: Halted 
@876000: Halted 
@877000: Halted 
@878000: Halted 
@879000: Halted 
@880000: Halted 
@881000: Halted 
@882000: Halted 
@883000: Halted 
@884000: Halted 
@885000: Halted 
@886000: Halted 
@887000: Halted 
@888000: Halted 
@889000: Halted 
@890000: Halted 
@891000: Halted 
@892000: Halted 
@893000: Halted 
@894000: Halted 
@895000: Halted 
@896000: Halted 
@897000: Halted 
@898000: Halted 
@899000: Halted 
@900000: Halted 
@901000: Halted 
@902000: Halted 
@903000: Halted 
@904000: Halted 
@905000: Halted 
@906000: Halted 
@907000: Halted 
@908000: Halted 
@909000: Halted 
@910000: Halted 
@911000: Halted 
@912000: Halted 
@913000: Halted 
@914000: Halted 
@915000: Halted 
@916000: Halted 
@917000: Halted 
@918000: Halted 
@919000: Halted 
@920000: Halted 
@921000: Halted 
@922000: Halted 
@923000: Halted 
@924000: Halted 
@925000: Halted 
@926000: Halted 
@927000: Halted 
@928000: Halted 
@929000: Halted 
@930000: Halted 
@931000: Halted 
@932000: Halted 
@933000: Halted 
@934000: Halted 
@935000: Halted 
@936000: Halted 
@937000: Halted 
@938000: Halted 
@939000: Halted 
@940000: Halted 
@941000: Halted 
@942000: Halted 
@943000: Halted 
@944000: Halted 
@945000: Halted 
@946000: Halted 
@947000: Halted 
@948000: Halted 
@949000: Halted 
@950000: Halted 
@951000: Halted 
@952000: Halted 
@953000: Halted 
@954000: Halted 
@955000: Halted 
@956000: Halted 
@957000: Halted 
@958000: Halted 
@959000: Halted 
@960000: Halted 
@961000: Halted 
@962000: Halted 
@963000: Halted 
@964000: Halted 
@965000: Halted 
@966000: Halted 
@967000: Halted 
@968000: Halted 
@969000: Halted 
@970000: Halted 
@971000: Halted 
@972000: Halted 
@973000: Halted 
@974000: Halted 
@975000: Halted 
@976000: Halted 
@977000: Halted 
@978000: Halted 
@979000: Halted 
@980000: Halted 
@981000: Halted 
@982000: Halted 
@983000: Halted 
@984000: Halted 
@985000: Halted 
@986000: Halted 
@987000: Halted 
@988000: Halted 
@989000: Halted 
@990000: Halted 
@991000: Halted 
@992000: Halted 
@993000: Halted 
@994000: Halted 
@995000: Halted 
@996000: Halted 
@997000: Halted 
@998000: Halted 
@999000: Halted 
@1000000: Halted 
@1001000: Halted 
@1002000: Halted 
@1003000: Halted 
@1004000: Halted 
@1005000: Halted 
@1006000: Halted 
@1007000: Halted 
@1008000: Halted 
@1009000: Halted 
@1010000: Halted 
@1011000: Halted 
@1012000: Halted 
@1013000: Halted 
@1014000: Halted 
@1015000: Halted 
@1016000: Halted 
@1017000: Halted 
@1018000: Halted 
@1019000: Halted 
@1020000: Halted 
@1021000: Halted 
@1022000: Halted 
@1023000: Halted 
@1024000: Halted 
@1025000: Halted 
@1026000: Halted 
@1027000: Halted 
@1028000: Halted 
@1029000: Halted 
@1030000: Halted 
@1031000: Halted 
@1032000: Halted 
@1033000: Halted 
@1034000: Halted 
@1035000: Halted 
@1036000: Halted 
@1037000: Halted 
@1038000: Halted 
@1039000: Halted 
@1040000: Halted 
@1041000: Halted 
@1042000: Halted 
@1043000: Halted 
@1044000: Halted 
@1045000: Halted 
@1046000: Halted 
@1047000: Halted 
@1048000: Halted 
@1049000: Halted 
@1050000: Halted 
@1051000: Halted 
@1052000: Halted 
@1053000: Halted 
@1054000: Halted 
@1055000: Halted 
@1056000: Halted 
@1057000: Halted 
@1058000: Halted 
@1059000: Halted 
@1060000: Halted 
@1061000: Halted 
@1062000: Halted 
@1063000: Halted 
@1064000: Halted 
@1065000: Halted 
@1066000: Halted 
@1067000: Halted 
@1068000: Halted 
@1069000: Halted 
@1070000: Halted 
@1071000: Halted 
@1072000: Halted 
@1073000: Halted 
@1074000: Halted 
@1075000: Halted 
@1076000: Halted 
@1077000: Halted 
@1078000: Halted 
@1079000: Halted 
@1080000: Halted 
@1081000: Halted 
@1082000: Halted 
@1083000: Halted 
@1084000: Halted 
@1085000: Halted 
@1086000: Halted 
@1087000: Halted 
@1088000: Halted 
@1089000: Halted 
@1090000: Halted 
@1091000: Halted 
@1092000: Halted 
@1093000: Halted 
@1094000: Halted 
@1095000: Halted 
@1096000: Halted 
@1097000: Halted 
@1098000: Halted 
@1099000: Halted 
@1100000: Halted 
@1101000: Halted 
@1102000: Halted 
@1103000: Halted 
@1104000: Halted 
@1105000: Halted 
@1106000: Halted 
@1107000: Halted 
@1108000: Halted 
@1109000: Halted 
@1110000: Halted 
@1111000: Halted 
@1112000: Halted 
@1113000: Halted 
@1114000: Halted 
@1115000: Halted 
@1116000: Halted 
@1117000: Halted 
@1118000: Halted 
@1119000: Halted 
@1120000: Halted 
@1121000: Halted 
@1122000: Halted 
@1123000: Halted 
@1124000: Halted 
@1125000: Halted 
@1126000: Halted 
@1127000: Halted 
@1128000: Halted 
@1129000: Halted 
@1130000: Halted 
@1131000: Halted 
@1132000: Halted 
@1133000: Halted 
@1134000: Halted 
@1135000: Halted 
@1136000: Halted 
@1137000: Halted 
@1138000: Halted 
@1139000: Halted 
@1140000: Halted 
@1141000: Halted 
@1142000: Halted 
@1143000: Halted 
@1144000: Halted 
@1145000: Halted 
@1146000: Halted 
@1147000: Halted 
@1148000: Halted 
@1149000: Halted 
@1150000: Halted 
@1151000: Halted 
@1152000: Halted 
@1153000: Halted 
@1154000: Halted 
@1155000: Halted 
@1156000: Halted 
@1157000: Halted 
@1158000: Halted 
@1159000: Halted 
@1160000: Halted 
@1161000: Halted 
@1162000: Halted 
@1163000: Halted 
@1164000: Halted 
@1165000: Halted 
@1166000: Halted 
@1167000: Halted 
@1168000: Halted 
@1169000: Halted 
@1170000: Halted 
@1171000: Halted 
@1172000: Halted 
@1173000: Halted 
@1174000: Halted 
@1175000: Halted 
@1176000: Halted 
@1177000: Halted 
@1178000: Halted 
@1179000: Halted 
@1180000: Halted 
@1181000: Halted 
@1182000: Halted 
@1183000: Halted 
@1184000: Halted 
@1185000: Halted 
@1186000: Halted 
@1187000: Halted 
@1188000: Halted 
@1189000: Halted 
@1190000: Halted 
@1191000: Halted 
@1192000: Halted 
@1193000: Halted 
@1194000: Halted 
@1195000: Halted 
@1196000: Halted 
@1197000: Halted 
@1198000: Halted 
@1199000: Halted 
@1200000: Halted 
@1201000: Halted 
@1202000: Halted 
@1203000: Halted 
@1204000: Halted 
@1205000: Halted 
@1206000: Halted 
@1207000: Halted 
@1208000: Halted 
@1209000: Halted 
@1210000: Halted 
@1211000: Halted 
@1212000: Halted 
@1213000: Halted 
@1214000: Halted 
@1215000: Halted 
@1216000: Halted 
@1217000: Halted 
@1218000: Halted 
@1219000: Halted 
@1220000: Halted 
@1221000: Halted 
@1222000: Halted 
@1223000: Halted 
@1224000: Halted 
@1225000: Halted 
@1226000: Halted 
@1227000: Halted 
@1228000: Halted 
@1229000: Halted 
@1230000: Halted 
@1231000: Halted 
@1232000: Halted 
@1233000: Halted 
@1234000: Halted 
@1235000: Halted 
@1236000: Halted 
@1237000: Halted 
@1238000: Halted 
@1239000: Halted 
@1240000: Halted 
@1241000: Halted 
@1242000: Halted 
@1243000: Halted 
@1244000: Halted 
@1245000: Halted 
@1246000: Halted 
@1247000: Halted 
@1248000: Halted 
@1249000: Halted 
@1250000: Halted 
@1251000: Halted 
@1252000: Halted 
@1253000: Halted 
@1254000: Halted 
@1255000: Halted 
@1256000: Halted 
@1257000: Halted 
@1258000: Halted 
@1259000: Halted 
@1260000: Halted 
@1261000: Halted 
@1262000: Halted 
@1263000: Halted 
@1264000: Halted 
@1265000: Halted 
@1266000: Halted 
@1267000: Halted 
@1268000: Halted 
@1269000: Halted 
@1270000: Halted 
@1271000: Halted 
@1272000: Halted 
@1273000: Halted 
@1274000: Halted 
@1275000: Halted 
@1276000: Halted 
@1277000: Halted 
@1278000: Halted 
@1279000: Halted 
@1280000: Halted 
@1281000: Halted 
@1282000: Halted 
@1283000: Halted 
@1284000: Halted 
@1285000: Halted 
@1286000: Halted 
@1287000: Halted 
@1288000: Halted 
@1289000: Halted 
@1290000: Halted 
@1291000: Halted 
@1292000: Halted 
@1293000: Halted 
@1294000: Halted 
@1295000: Halted 
@1296000: Halted 
@1297000: Halted 
@1298000: Halted 
@1299000: Halted 
@1300000: Halted 
@1301000: Halted 
@1302000: Halted 
@1303000: Halted 
@1304000: Halted 
@1305000: Halted 
@1306000: Halted 
@1307000: Halted 
@1308000: Halted 
@1309000: Halted 
@1310000: Halted 
@1311000: Halted 
@1312000: Halted 
@1313000: Halted 
@1314000: Halted 
@1315000: Halted 
@1316000: Halted 
@1317000: Halted 
@1318000: Halted 
@1319000: Halted 
@1320000: Halted 
@1321000: Halted 
@1322000: Halted 
@1323000: Halted 
@1324000: Halted 
@1325000: Halted 
@1326000: Halted 
@1327000: Halted 
@1328000: Halted 
@1329000: Halted 
@1330000: Halted 
@1331000: Halted 
@1332000: Halted 
@1333000: Halted 
@1334000: Halted 
@1335000: Halted 
@1336000: Halted 
@1337000: Halted 
@1338000: Halted 
@1339000: Halted 
@1340000: Halted 
@1341000: Halted 
@1342000: Halted 
@1343000: Halted 
@1344000: Halted 
@1345000: Halted 
@1346000: Halted 
@1347000: Halted 
@1348000: Halted 
@1349000: Halted 
@1350000: Halted 
@1351000: Halted 
@1352000: Halted 
@1353000: Halted 
@1354000: Halted 
@1355000: Halted 
@1356000: Halted 
@1357000: Halted 
@1358000: Halted 
@1359000: Halted 
@1360000: Halted 
@1361000: Halted 
@1362000: Halted 
@1363000: Halted 
@1364000: Halted 
@1365000: Halted 
@1366000: Halted 
@1367000: Halted 
@1368000: Halted 
@1369000: Halted 
@1370000: Halted 
@1371000: Halted 
@1372000: Halted 
@1373000: Halted 
@1374000: Halted 
@1375000: Halted 
@1376000: Halted 
@1377000: Halted 
@1378000: Halted 
@1379000: Halted 
@1380000: Halted 
@1381000: Halted 
@1382000: Halted 
@1383000: Halted 
@1384000: Halted 
@1385000: Halted 
@1386000: Halted 
@1387000: Halted 
@1388000: Halted 
@1389000: Halted 
@1390000: Halted 
@1391000: Halted 
@1392000: Halted 
@1393000: Halted 
@1394000: Halted 
@1395000: Halted 
@1396000: Halted 
@1397000: Halted 
@1398000: Halted 
@1399000: Halted 
@1400000: Halted 
@1401000: Halted 
@1402000: Halted 
@1403000: Halted 
@1404000: Halted 
@1405000: Halted 
@1406000: Halted 
@1407000: Halted 
@1408000: Halted 
@1409000: Halted 
@1410000: Halted 
@1411000: Halted 
@1412000: Halted 
@1413000: Halted 
@1414000: Halted 
@1415000: Halted 
@1416000: Halted 
@1417000: Halted 
@1418000: Halted 
@1419000: Halted 
@1420000: Halted 
@1421000: Halted 
@1422000: Halted 
@1423000: Halted 
@1424000: Halted 
@1425000: Halted 
@1426000: Halted 
@1427000: Halted 
@1428000: Halted 
@1429000: Halted 
@1430000: Halted 
@1431000: Halted 
@1432000: Halted 
@1433000: Halted 
@1434000: Halted 
@1435000: Halted 
@1436000: Halted 
@1437000: Halted 
@1438000: Halted 
@1439000: Halted 
@1440000: Halted 
@1441000: Halted 
@1442000: Halted 
@1443000: Halted 
@1444000: Halted 
@1445000: Halted 
@1446000: Halted 
@1447000: Halted 
@1448000: Halted 
@1449000: Halted 
@1450000: Halted 
@1451000: Halted 
@1452000: Halted 
@1453000: Halted 
@1454000: Halted 
@1455000: Halted 
@1456000: Halted 
@1457000: Halted 
@1458000: Halted 
@1459000: Halted 
@1460000: Halted 
@1461000: Halted 
@1462000: Halted 
@1463000: Halted 
@1464000: Halted 
@1465000: Halted 
@1466000: Halted 
@1467000: Halted 
@1468000: Halted 
@1469000: Halted 
@1470000: Halted 
@1471000: Halted 
@1472000: Halted 
@1473000: Halted 
@1474000: Halted 
@1475000: Halted 
@1476000: Halted 
@1477000: Halted 
@1478000: Halted 
@1479000: Halted 
@1480000: Halted 
@1481000: Halted 
@1482000: Halted 
@1483000: Halted 
@1484000: Halted 
@1485000: Halted 
@1486000: Halted 
@1487000: Halted 
@1488000: Halted 
@1489000: Halted 
@1490000: Halted 
@1491000: Halted 
@1492000: Halted 
@1493000: Halted 
@1494000: Halted 
@1495000: Halted 
@1496000: Halted 
@1497000: Halted 
@1498000: Halted 
@1499000: Halted 
@1500000: Halted 
@1501000: Halted 
@1502000: Halted 
@1503000: Halted 
@1504000: Halted 
@1505000: Halted 
@1506000: Halted 
@1507000: Halted 
@1508000: Halted 
@1509000: Halted 
@1510000: Halted 
@1511000: Halted 
@1512000: Halted 
@1513000: Halted 
@1514000: Halted 
@1515000: Halted 
@1516000: Halted 
@1517000: Halted 
@1518000: Halted 
@1519000: Halted 
@1520000: Halted 
@1521000: Halted 
@1522000: Halted 
@1523000: Halted 
@1524000: Halted 
@1525000: Halted 
@1526000: Halted 
@1527000: Halted 
@1528000: Halted 
@1529000: Halted 
@1530000: Halted 
@1531000: Halted 
@1532000: Halted 
@1533000: Halted 
@1534000: Halted 
@1535000: Halted 
@1536000: Halted 
@1537000: Halted 
@1538000: Halted 
@1539000: Halted 
@1540000: Halted 
@1541000: Halted 
@1542000: Halted 
@1543000: Halted 
@1544000: Halted 
@1545000: Halted 
@1546000: Halted 
@1547000: Halted 
@1548000: Halted 
@1549000: Halted 
@1550000: Halted 
@1551000: Halted 
@1552000: Halted 
@1553000: Halted 
@1554000: Halted 
@1555000: Halted 
@1556000: Halted 
@1557000: Halted 
@1558000: Halted 
@1559000: Halted 
@1560000: Halted 
@1561000: Halted 
@1562000: Halted 
@1563000: Halted 
@1564000: Halted 
@1565000: Halted 
@1566000: Halted 
@1567000: Halted 
@1568000: Halted 
@1569000: Halted 
@1570000: Halted 
@1571000: Halted 
@1572000: Halted 
@1573000: Halted 
@1574000: Halted 
@1575000: Halted 
@1576000: Halted 
@1577000: Halted 
@1578000: Halted 
@1579000: Halted 
@1580000: Halted 
@1581000: Halted 
@1582000: Halted 
@1583000: Halted 
@1584000: Halted 
@1585000: Halted 
@1586000: Halted 
@1587000: Halted 
@1588000: Halted 
@1589000: Halted 
@1590000: Halted 
@1591000: Halted 
@1592000: Halted 
@1593000: Halted 
@1594000: Halted 
@1595000: Halted 
@1596000: Halted 
@1597000: Halted 
@1598000: Halted 
@1599000: Halted 
@1600000: Halted 
@1601000: Halted 
@1602000: Halted 
@1603000: Halted 
@1604000: Halted 
@1605000: Halted 
@1606000: Halted 
@1607000: Halted 
@1608000: Halted 
@1609000: Halted 
@1610000: Halted 
@1611000: Halted 
@1612000: Halted 
@1613000: Halted 
@1614000: Halted 
@1615000: Halted 
@1616000: Halted 
@1617000: Halted 
@1618000: Halted 
@1619000: Halted 
@1620000: Halted 
@1621000: Halted 
@1622000: Halted 
@1623000: Halted 
@1624000: Halted 
@1625000: Halted 
@1626000: Halted 
@1627000: Halted 
@1628000: Halted 
@1629000: Halted 
@1630000: Halted 
@1631000: Halted 
@1632000: Halted 
@1633000: Halted 
@1634000: Halted 
@1635000: Halted 
@1636000: Halted 
@1637000: Halted 
@1638000: Halted 
@1639000: Halted 
@1640000: Halted 
@1641000: Halted 
@1642000: Halted 
@1643000: Halted 
@1644000: Halted 
@1645000: Halted 
@1646000: Halted 
@1647000: Halted 
@1648000: Halted 
@1649000: Halted 
@1650000: Halted 
@1651000: Halted 
@1652000: Halted 
@1653000: Halted 
@1654000: Halted 
@1655000: Halted 
@1656000: Halted 
@1657000: Halted 
@1658000: Halted 
@1659000: Halted 
@1660000: Halted 
@1661000: Halted 
@1662000: Halted 
@1663000: Halted 
@1664000: Halted 
@1665000: Halted 
@1666000: Halted 
@1667000: Halted 
@1668000: Halted 
@1669000: Halted 
@1670000: Halted 
@1671000: Halted 
@1672000: Halted 
@1673000: Halted 
@1674000: Halted 
@1675000: Halted 
@1676000: Halted 
@1677000: Halted 
@1678000: Halted 
@1679000: Halted 
@1680000: Halted 
@1681000: Halted 
@1682000: Halted 
@1683000: Halted 
@1684000: Halted 
@1685000: Halted 
@1686000: Halted 
@1687000: Halted 
@1688000: Halted 
@1689000: Halted 
@1690000: Halted 
@1691000: Halted 
@1692000: Halted 
@1693000: Halted 
@1694000: Halted 
@1695000: Halted 
@1696000: Halted 
@1697000: Halted 
@1698000: Halted 
@1699000: Halted 
@1700000: Halted 
@1701000: Halted 
@1702000: Halted 
@1703000: Halted 
@1704000: Halted 
@1705000: Halted 
@1706000: Halted 
@1707000: Halted 
@1708000: Halted 
@1709000: Halted 
@1710000: Halted 
@1711000: Halted 
@1712000: Halted 
@1713000: Halted 
@1714000: Halted 
@1715000: Halted 
@1716000: Halted 
@1717000: Halted 
@1718000: Halted 
@1719000: Halted 
@1720000: Halted 
@1721000: Halted 
@1722000: Halted 
@1723000: Halted 
@1724000: Halted 
@1725000: Halted 
@1726000: Halted 
@1727000: Halted 
@1728000: Halted 
@1729000: Halted 
@1730000: Halted 
@1731000: Halted 
@1732000: Halted 
@1733000: Halted 
@1734000: Halted 
@1735000: Halted 
@1736000: Halted 
@1737000: Halted 
@1738000: Halted 
@1739000: Halted 
@1740000: Halted 
@1741000: Halted 
@1742000: Halted 
@1743000: Halted 
@1744000: Halted 
@1745000: Halted 
@1746000: Halted 
@1747000: Halted 
@1748000: Halted 
@1749000: Halted 
@1750000: Halted 
@1751000: Halted 
@1752000: Halted 
@1753000: Halted 
@1754000: Halted 
@1755000: Halted 
@1756000: Halted 
@1757000: Halted 
@1758000: Halted 
@1759000: Halted 
@1760000: Halted 
@1761000: Halted 
@1762000: Halted 
@1763000: Halted 
@1764000: Halted 
@1765000: Halted 
@1766000: Halted 
@1767000: Halted 
@1768000: Halted 
@1769000: Halted 
@1770000: Halted 
@1771000: Halted 
@1772000: Halted 
@1773000: Halted 
@1774000: Halted 
@1775000: Halted 
@1776000: Halted 
@1777000: Halted 
@1778000: Halted 
@1779000: Halted 
@1780000: Halted 
@1781000: Halted 
@1782000: Halted 
@1783000: Halted 
@1784000: Halted 
@1785000: Halted 
@1786000: Halted 
@1787000: Halted 
@1788000: Halted 
@1789000: Halted 
@1790000: Halted 
@1791000: Halted 
@1792000: Halted 
@1793000: Halted 
@1794000: Halted 
@1795000: Halted 
@1796000: Halted 
@1797000: Halted 
@1798000: Halted 
@1799000: Halted 
@1800000: Halted 
@1801000: Halted 
@1802000: Halted 
@1803000: Halted 
@1804000: Halted 
@1805000: Halted 
@1806000: Halted 
@1807000: Halted 
@1808000: Halted 
@1809000: Halted 
@1810000: Halted 
@1811000: Halted 
@1812000: Halted 
@1813000: Halted 
@1814000: Halted 
@1815000: Halted 
@1816000: Halted 
@1817000: Halted 
@1818000: Halted 
@1819000: Halted 
@1820000: Halted 
@1821000: Halted 
@1822000: Halted 
@1823000: Halted 
@1824000: Halted 
@1825000: Halted 
@1826000: Halted 
@1827000: Halted 
@1828000: Halted 
@1829000: Halted 
@1830000: Halted 
@1831000: Halted 
@1832000: Halted 
@1833000: Halted 
@1834000: Halted 
@1835000: Halted 
@1836000: Halted 
@1837000: Halted 
@1838000: Halted 
@1839000: Halted 
@1840000: Halted 
@1841000: Halted 
@1842000: Halted 
@1843000: Halted 
@1844000: Halted 
@1845000: Halted 
@1846000: Halted 
@1847000: Halted 
@1848000: Halted 
@1849000: Halted 
@1850000: Halted 
@1851000: Halted 
@1852000: Halted 
@1853000: Halted 
@1854000: Halted 
@1855000: Halted 
@1856000: Halted 
@1857000: Halted 
@1858000: Halted 
@1859000: Halted 
@1860000: Halted 
@1861000: Halted 
@1862000: Halted 
@1863000: Halted 
@1864000: Halted 
@1865000: Halted 
@1866000: Halted 
@1867000: Halted 
@1868000: Halted 
@1869000: Halted 
@1870000: Halted 
@1871000: Halted 
@1872000: Halted 
@1873000: Halted 
@1874000: Halted 
@1875000: Halted 
@1876000: Halted 
@1877000: Halted 
@1878000: Halted 
@1879000: Halted 
@1880000: Halted 
@1881000: Halted 
@1882000: Halted 
@1883000: Halted 
@1884000: Halted 
@1885000: Halted 
@1886000: Halted 
@1887000: Halted 
@1888000: Halted 
@1889000: Halted 
@1890000: Halted 
@1891000: Halted 
@1892000: Halted 
@1893000: Halted 
@1894000: Halted 
@1895000: Halted 
@1896000: Halted 
@1897000: Halted 
@1898000: Halted 
@1899000: Halted 
@1900000: Halted 
@1901000: Halted 
@1902000: Halted 
@1903000: Halted 
@1904000: Halted 
@1905000: Halted 
@1906000: Halted 
@1907000: Halted 
@1908000: Halted 
@1909000: Halted 
@1910000: Halted 
@1911000: Halted 
@1912000: Halted 
@1913000: Halted 
@1914000: Halted 
@1915000: Halted 
@1916000: Halted 
@1917000: Halted 
@1918000: Halted 
@1919000: Halted 
@1920000: Halted 
@1921000: Halted 
@1922000: Halted 
@1923000: Halted 
@1924000: Halted 
@1925000: Halted 
@1926000: Halted 
@1927000: Halted 
@1928000: Halted 
@1929000: Halted 
@1930000: Halted 
@1931000: Halted 
@1932000: Halted 
@1933000: Halted 
@1934000: Halted 
@1935000: Halted 
@1936000: Halted 
@1937000: Halted 
@1938000: Halted 
@1939000: Halted 
@1940000: Halted 
@1941000: Halted 
@1942000: Halted 
@1943000: Halted 
@1944000: Halted 
@1945000: Halted 
@1946000: Halted 
@1947000: Halted 
@1948000: Halted 
@1949000: Halted 
@1950000: Halted 
@1951000: Halted 
@1952000: Halted 
@1953000: Halted 
@1954000: Halted 
@1955000: Halted 
@1956000: Halted 
@1957000: Halted 
@1958000: Halted 
@1959000: Halted 
@1960000: Halted 
@1961000: Halted 
@1962000: Halted 
@1963000: Halted 
@1964000: Halted 
@1965000: Halted 
@1966000: Halted 
@1967000: Halted 
@1968000: Halted 
@1969000: Halted 
@1970000: Halted 
@1971000: Halted 
@1972000: Halted 
@1973000: Halted 
@1974000: Halted 
@1975000: Halted 
@1976000: Halted 
@1977000: Halted 
@1978000: Halted 
@1979000: Halted 
@1980000: Halted 
@1981000: Halted 
@1982000: Halted 
@1983000: Halted 
@1984000: Halted 
@1985000: Halted 
@1986000: Halted 
@1987000: Halted 
@1988000: Halted 
@1989000: Halted 
@1990000: Halted 
@1991000: Halted 
@1992000: Halted 
@1993000: Halted 
@1994000: Halted 
@1995000: Halted 
@1996000: Halted 
@1997000: Halted 
@1998000: Halted 
@1999000: Halted 
@2000000: Halted 
@2001000: Halted 
@2002000: Halted 
@2003000: Halted 
@2004000: Halted 
@2005000: Halted 
@2006000: Halted 
@2007000: Halted 
@2008000: Halted 
@2009000: Halted 
@2010000: Halted 
@2011000: Halted 
@2012000: Halted 
@2013000: Halted 
@2014000: Halted 
@2015000: Halted 
@2016000: Halted 
@2017000: Halted 
@2018000: Halted 
@2019000: Halted 
@2020000: Halted 
@2021000: Halted 
@2022000: Halted 
@2023000: Halted 
@2024000: Halted 
@2025000: Halted 
@2026000: Halted 
@2027000: Halted 
@2028000: Halted 
@2029000: Halted 
@2030000: Halted 
@2031000: Halted 
@2032000: Halted 
@2033000: Halted 
@2034000: Halted 
@2035000: Halted 
@2036000: Halted 
@2037000: Halted 
@2038000: Halted 
@2039000: Halted 
@2040000: Halted 
@2041000: Halted 
@2042000: Halted 
@2043000: Halted 
@2044000: Halted 
@2045000: Halted 
@2046000: Halted 
@2047000: Halted 
@2048000: Halted 
@2049000: Halted 
@2050000: Halted 
@2051000: Halted 
@2052000: Halted 
@2053000: Halted 
@2054000: Halted 
@2055000: Halted 
@2056000: Halted 
@2057000: Halted 
@2058000: Halted 
@2059000: Halted 
@2060000: Halted 
@2061000: Halted 
@2062000: Halted 
@2063000: Halted 
@2064000: Halted 
@2065000: Halted 
@2066000: Halted 
@2067000: Halted 
@2068000: Halted 
@2069000: Halted 
@2070000: Halted 
@2071000: Halted 
@2072000: Halted 
@2073000: Halted 
@2074000: Halted 
@2075000: Halted 
@2076000: Halted 
@2077000: Halted 
@2078000: Halted 
@2079000: Halted 
@2080000: Halted 
@2081000: Halted 
@2082000: Halted 
@2083000: Halted 
@2084000: Halted 
@2085000: Halted 
@2086000: Halted 
@2087000: Halted 
@2088000: Halted 
@2089000: Halted 
@2090000: Halted 
@2091000: Halted 
@2092000: Halted 
@2093000: Halted 
@2094000: Halted 
@2095000: Halted 
@2096000: Halted 
@2097000: Halted 
@2098000: Halted 
@2099000: Halted 
@2100000: Halted 
@2101000: Halted 
@2102000: Halted 
@2103000: Halted 
@2104000: Halted 
@2105000: Halted 
@2106000: Halted 
@2107000: Halted 
@2108000: Halted 
@2109000: Halted 
@2110000: Halted 
@2111000: Halted 
@2112000: Halted 
@2113000: Halted 
@2114000: Halted 
@2115000: Halted 
@2116000: Halted 
@2117000: Halted 
@2118000: Halted 
@2119000: Halted 
@2120000: Halted 
@2121000: Halted 
@2122000: Halted 
@2123000: Halted 
@2124000: Halted 
@2125000: Halted 
@2126000: Halted 
@2127000: Halted 
@2128000: Halted 
@2129000: Halted 
@2130000: Halted 
@2131000: Halted 
@2132000: Halted 
@2133000: Halted 
@2134000: Halted 
@2135000: Halted 
@2136000: Halted 
@2137000: Halted 
@2138000: Halted 
@2139000: Halted 
@2140000: Halted 
@2141000: Halted 
@2142000: Halted 
@2143000: Halted 
@2144000: Halted 
@2145000: Halted 
@2146000: Halted 
@2147000: Halted 
@2148000: Halted 
@2149000: Halted 
@2150000: Halted 
@2151000: Halted 
@2152000: Halted 
@2153000: Halted 
@2154000: Halted 
@2155000: Halted 
@2156000: Halted 
@2157000: Halted 
@2158000: Halted 
@2159000: Halted 
@2160000: Halted 
@2161000: Halted 
@2162000: Halted 
@2163000: Halted 
@2164000: Halted 
@2165000: Halted 
@2166000: Halted 
@2167000: Halted 
@2168000: Halted 
@2169000: Halted 
@2170000: Halted 
@2171000: Halted 
@2172000: Halted 
@2173000: Halted 
@2174000: Halted 
@2175000: Halted 
@2176000: Halted 
@2177000: Halted 
@2178000: Halted 
@2179000: Halted 
@2180000: Halted 
@2181000: Halted 
@2182000: Halted 
@2183000: Halted 
@2184000: Halted 
@2185000: Halted 
@2186000: Halted 
@2187000: Halted 
@2188000: Halted 
@2189000: Halted 
@2190000: Halted 
@2191000: Halted 
@2192000: Halted 
@2193000: Halted 
@2194000: Halted 
@2195000: Halted 
@2196000: Halted 
@2197000: Halted 
@2198000: Halted 
@2199000: Halted 
@2200000: Halted 
@2201000: Halted 
@2202000: Halted 
@2203000: Halted 
@2204000: Halted 
@2205000: Halted 
@2206000: Halted 
@2207000: Halted 
@2208000: Halted 
@2209000: Halted 
@2210000: Halted 
@2211000: Halted 
@2212000: Halted 
@2213000: Halted 
@2214000: Halted 
@2215000: Halted 
@2216000: Halted 
@2217000: Halted 
@2218000: Halted 
@2219000: Halted 
@2220000: Halted 
@2221000: Halted 
@2222000: Halted 
@2223000: Halted 
@2224000: Halted 
@2225000: Halted 
@2226000: Halted 
@2227000: Halted 
@2228000: Halted 
@2229000: Halted 
@2230000: Halted 
@2231000: Halted 
@2232000: Halted 
@2233000: Halted 
@2234000: Halted 
@2235000: Halted 
@2236000: Halted 
@2237000: Halted 
@2238000: Halted 
@2239000: Halted 
@2240000: Halted 
@2241000: Halted 
@2242000: Halted 
@2243000: Halted 
@2244000: Halted 
@2245000: Halted 
@2246000: Halted 
@2247000: Halted 
@2248000: Halted 
@2249000: Halted 
@2250000: Halted 
@2251000: Halted 
@2252000: Halted 
@2253000: Halted 
@2254000: Halted 
@2255000: Halted 
@2256000: Halted 
@2257000: Halted 
@2258000: Halted 
@2259000: Halted 
@2260000: Halted 
@2261000: Halted 
@2262000: Halted 
@2263000: Halted 
@2264000: Halted 
@2265000: Halted 
@2266000: Halted 
@2267000: Halted 
@2268000: Halted 
@2269000: Halted 
@2270000: Halted 
@2271000: Halted 
@2272000: Halted 
@2273000: Halted 
@2274000: Halted 
@2275000: Halted 
@2276000: Halted 
@2277000: Halted 
@2278000: Halted 
@2279000: Halted 
@2280000: Halted 
@2281000: Halted 
@2282000: Halted 
@2283000: Halted 
@2284000: Halted 
@2285000: Halted 
@2286000: Halted 
@2287000: Halted 
@2288000: Halted 
@2289000: Halted 
@2290000: Halted 
@2291000: Halted 
@2292000: Halted 
@2293000: Halted 
@2294000: Halted 
@2295000: Halted 
@2296000: Halted 
@2297000: Halted 
@2298000: Halted 
@2299000: Halted 
@2300000: Halted 
@2301000: Halted 
@2302000: Halted 
@2303000: Halted 
@2304000: Halted 
@2305000: Halted 
@2306000: Halted 
@2307000: Halted 
@2308000: Halted 
@2309000: Halted 
@2310000: Halted 
@2311000: Halted 
@2312000: Halted 
@2313000: Halted 
@2314000: Halted 
@2315000: Halted 
@2316000: Halted 
@2317000: Halted 
@2318000: Halted 
@2319000: Halted 
@2320000: Halted 
@2321000: Halted 
@2322000: Halted 
@2323000: Halted 
@2324000: Halted 
@2325000: Halted 
@2326000: Halted 
@2327000: Halted 
@2328000: Halted 
@2329000: Halted 
@2330000: Halted 
@2331000: Halted 
@2332000: Halted 
@2333000: Halted 
@2334000: Halted 
@2335000: Halted 
@2336000: Halted 
@2337000: Halted 
@2338000: Halted 
@2339000: Halted 
@2340000: Halted 
@2341000: Halted 
@2342000: Halted 
@2343000: Halted 
@2344000: Halted 
@2345000: Halted 
@2346000: Halted 
@2347000: Halted 
@2348000: Halted 
@2349000: Halted 
@2350000: Halted 
@2351000: Halted 
@2352000: Halted 
@2353000: Halted 
@2354000: Halted 
@2355000: Halted 
@2356000: Halted 
@2357000: Halted 
@2358000: Halted 
@2359000: Halted 
@2360000: Halted 
@2361000: Halted 
@2362000: Halted 
@2363000: Halted 
@2364000: Halted 
@2365000: Halted 
@2366000: Halted 
@2367000: Halted 
@2368000: Halted 
@2369000: Halted 
@2370000: Halted 
@2371000: Halted 
@2372000: Halted 
@2373000: Halted 
@2374000: Halted 
@2375000: Halted 
@2376000: Halted 
@2377000: Halted 
@2378000: Halted 
@2379000: Halted 
@2380000: Halted 
@2381000: Halted 
@2382000: Halted 
@2383000: Halted 
@2384000: Halted 
@2385000: Halted 
@2386000: Halted 
@2387000: Halted 
@2388000: Halted 
@2389000: Halted 
@2390000: Halted 
@2391000: Halted 
@2392000: Halted 
@2393000: Halted 
@2394000: Halted 
@2395000: Halted 
@2396000: Halted 
@2397000: Halted 
@2398000: Halted 
@2399000: Halted 
@2400000: Halted 
@2401000: Halted 
@2402000: Halted 
@2403000: Halted 
@2404000: Halted 
@2405000: Halted 
@2406000: Halted 
@2407000: Halted 
@2408000: Halted 
@2409000: Halted 
@2410000: Halted 
@2411000: Halted 
@2412000: Halted 
@2413000: Halted 
@2414000: Halted 
@2415000: Halted 
@2416000: Halted 
@2417000: Halted 
@2418000: Halted 
@2419000: Halted 
@2420000: Halted 
@2421000: Halted 
@2422000: Halted 
@2423000: Halted 
@2424000: Halted 
@2425000: Halted 
@2426000: Halted 
@2427000: Halted 
@2428000: Halted 
@2429000: Halted 
@2430000: Halted 
@2431000: Halted 
@2432000: Halted 
@2433000: Halted 
@2434000: Halted 
@2435000: Halted 
@2436000: Halted 
@2437000: Halted 
@2438000: Halted 
@2439000: Halted 
@2440000: Halted 
@2441000: Halted 
@2442000: Halted 
@2443000: Halted 
@2444000: Halted 
@2445000: Halted 
@2446000: Halted 
@2447000: Halted 
@2448000: Halted 
@2449000: Halted 
@2450000: Halted 
@2451000: Halted 
@2452000: Halted 
@2453000: Halted 
@2454000: Halted 
@2455000: Halted 
@2456000: Halted 
@2457000: Halted 
@2458000: Halted 
@2459000: Halted 
@2460000: Halted 
@2461000: Halted 
@2462000: Halted 
@2463000: Halted 
@2464000: Halted 
@2465000: Halted 
@2466000: Halted 
@2467000: Halted 
@2468000: Halted 
@2469000: Halted 
@2470000: Halted 
@2471000: Halted 
@2472000: Halted 
@2473000: Halted 
@2474000: Halted 
@2475000: Halted 
@2476000: Halted 
@2477000: Halted 
@2478000: Halted 
@2479000: Halted 
@2480000: Halted 
@2481000: Halted 
@2482000: Halted 
@2483000: Halted 
@2484000: Halted 
@2485000: Halted 
@2486000: Halted 
@2487000: Halted 
@2488000: Halted 
@2489000: Halted 
@2490000: Halted 
@2491000: Halted 
@2492000: Halted 
@2493000: Halted 
@2494000: Halted 
@2495000: Halted 
@2496000: Halted 
@2497000: Halted 
@2498000: Halted 
@2499000: Halted 
@2500000: Halted 
@2501000: Halted 
@2502000: Halted 
@2503000: Halted 
@2504000: Halted 
@2505000: Halted 
@2506000: Halted 
@2507000: Halted 
@2508000: Halted 
@2509000: Halted 
@2510000: Halted 
@2511000: Halted 
@2512000: Halted 
@2513000: Halted 
@2514000: Halted 
@2515000: Halted 
@2516000: Halted 
@2517000: Halted 
@2518000: Halted 
@2519000: Halted 
@2520000: Halted 
@2521000: Halted 
@2522000: Halted 
@2523000: Halted 
@2524000: Halted 
@2525000: Halted 
@2526000: Halted 
@2527000: Halted 
@2528000: Halted 
@2529000: Halted 
@2530000: Halted 
@2531000: Halted 
@2532000: Halted 
@2533000: Halted 
@2534000: Halted 
@2535000: Halted 
@2536000: Halted 
@2537000: Halted 
@2538000: Halted 
@2539000: Halted 
@2540000: Halted 
@2541000: Halted 
@2542000: Halted 
@2543000: Halted 
@2544000: Halted 
@2545000: Halted 
@2546000: Halted 
@2547000: Halted 
@2548000: Halted 
@2549000: Halted 
@2550000: Halted 
@2551000: Halted 
@2552000: Halted 
@2553000: Halted 
@2554000: Halted 
@2555000: Halted 
@2556000: Halted 
@2557000: Halted 
@2558000: Halted 
@2559000: Halted 
@2560000: Halted 
@2561000: Halted 
@2562000: Halted 
@2563000: Halted 
@2564000: Halted 
@2565000: Halted 
@2566000: Halted 
@2567000: Halted 
@2568000: Halted 
@2569000: Halted 
@2570000: Halted 
@2571000: Halted 
@2572000: Halted 
@2573000: Halted 
@2574000: Halted 
@2575000: Halted 
@2576000: Halted 
@2577000: Halted 
@2578000: Halted 
@2579000: Halted 
@2580000: Halted 
@2581000: Halted 
@2582000: Halted 
@2583000: Halted 
@2584000: Halted 
@2585000: Halted 
@2586000: Halted 
@2587000: Halted 
@2588000: Halted 
@2589000: Halted 
@2590000: Halted 
@2591000: Halted 
@2592000: Halted 
@2593000: Halted 
@2594000: Halted 
@2595000: Halted 
@2596000: Halted 
@2597000: Halted 
@2598000: Halted 
@2599000: Halted 
@2600000: Halted 
@2601000: Halted 
@2602000: Halted 
@2603000: Halted 
@2604000: Halted 
@2605000: Halted 
@2606000: Halted 
@2607000: Halted 
@2608000: Halted 
@2609000: Halted 
@2610000: Halted 
@2611000: Halted 
@2612000: Halted 
@2613000: Halted 
@2614000: Halted 
@2615000: Halted 
@2616000: Halted 
@2617000: Halted 
@2618000: Halted 
@2619000: Halted 
@2620000: Halted 
@2621000: Halted 
@2622000: Halted 
@2623000: Halted 
@2624000: Halted 
@2625000: Halted 
@2626000: Halted 
@2627000: Halted 
@2628000: Halted 
@2629000: Halted 
@2630000: Halted 
@2631000: Halted 
@2632000: Halted 
@2633000: Halted 
@2634000: Halted 
@2635000: Halted 
@2636000: Halted 
@2637000: Halted 
@2638000: Halted 
@2639000: Halted 
@2640000: Halted 
@2641000: Halted 
@2642000: Halted 
@2643000: Halted 
@2644000: Halted 
@2645000: Halted 
@2646000: Halted 
@2647000: Halted 
@2648000: Halted 
@2649000: Halted 
@2650000: Halted 
@2651000: Halted 
@2652000: Halted 
@2653000: Halted 
@2654000: Halted 
@2655000: Halted 
@2656000: Halted 
@2657000: Halted 
@2658000: Halted 
@2659000: Halted 
@2660000: Halted 
@2661000: Halted 
@2662000: Halted 
@2663000: Halted 
@2664000: Halted 
@2665000: Halted 
@2666000: Halted 
@2667000: Halted 
@2668000: Halted 
@2669000: Halted 
@2670000: Halted 
@2671000: Halted 
@2672000: Halted 
@2673000: Halted 
@2674000: Halted 
@2675000: Halted 
@2676000: Halted 
@2677000: Halted 
@2678000: Halted 
@2679000: Halted 
@2680000: Halted 
@2681000: Halted 
@2682000: Halted 
@2683000: Halted 
@2684000: Halted 
@2685000: Halted 
@2686000: Halted 
@2687000: Halted 
@2688000: Halted 
@2689000: Halted 
@2690000: Halted 
@2691000: Halted 
@2692000: Halted 
@2693000: Halted 
@2694000: Halted 
@2695000: Halted 
@2696000: Halted 
@2697000: Halted 
@2698000: Halted 
@2699000: Halted 
@2700000: Halted 
@2701000: Halted 
@2702000: Halted 
@2703000: Halted 
@2704000: Halted 
@2705000: Halted 
@2706000: Halted 
@2707000: Halted 
@2708000: Halted 
@2709000: Halted 
@2710000: Halted 
@2711000: Halted 
@2712000: Halted 
@2713000: Halted 
@2714000: Halted 
@2715000: Halted 
@2716000: Halted 
@2717000: Halted 
@2718000: Halted 
@2719000: Halted 
@2720000: Halted 
@2721000: Halted 
@2722000: Halted 
@2723000: Halted 
@2724000: Halted 
@2725000: Halted 
@2726000: Halted 
@2727000: Halted 
@2728000: Halted 
@2729000: Halted 
@2730000: Halted 
@2731000: Halted 
@2732000: Halted 
@2733000: Halted 
@2734000: Halted 
@2735000: Halted 
@2736000: Halted 
@2737000: Halted 
@2738000: Halted 
@2739000: Halted 
@2740000: Halted 
@2741000: Halted 
@2742000: Halted 
@2743000: Halted 
@2744000: Halted 
@2745000: Halted 
@2746000: Halted 
@2747000: Halted 
@2748000: Halted 
@2749000: Halted 
@2750000: Halted 
@2751000: Halted 
@2752000: Halted 
@2753000: Halted 
@2754000: Halted 
@2755000: Halted 
@2756000: Halted 
@2757000: Halted 
@2758000: Halted 
@2759000: Halted 
@2760000: Halted 
@2761000: Halted 
@2762000: Halted 
@2763000: Halted 
@2764000: Halted 
@2765000: Halted 
@2766000: Halted 
@2767000: Halted 
@2768000: Halted 
@2769000: Halted 
@2770000: Halted 
@2771000: Halted 
@2772000: Halted 
@2773000: Halted 
@2774000: Halted 
@2775000: Halted 
@2776000: Halted 
@2777000: Halted 
@2778000: Halted 
@2779000: Halted 
@2780000: Halted 
@2781000: Halted 
@2782000: Halted 
@2783000: Halted 
@2784000: Halted 
@2785000: Halted 
@2786000: Halted 
@2787000: Halted 
@2788000: Halted 
@2789000: Halted 
@2790000: Halted 
@2791000: Halted 
@2792000: Halted 
@2793000: Halted 
@2794000: Halted 
@2795000: Halted 
@2796000: Halted 
@2797000: Halted 
@2798000: Halted 
@2799000: Halted 
@2800000: Halted 
@2801000: Halted 
@2802000: Halted 
@2803000: Halted 
@2804000: Halted 
@2805000: Halted 
@2806000: Halted 
@2807000: Halted 
@2808000: Halted 
@2809000: Halted 
@2810000: Halted 
@2811000: Halted 
@2812000: Halted 
@2813000: Halted 
@2814000: Halted 
@2815000: Halted 
@2816000: Halted 
@2817000: Halted 
@2818000: Halted 
@2819000: Halted 
@2820000: Halted 
@2821000: Halted 
@2822000: Halted 
@2823000: Halted 
@2824000: Halted 
@2825000: Halted 
@2826000: Halted 
@2827000: Halted 
@2828000: Halted 
@2829000: Halted 
@2830000: Halted 
@2831000: Halted 
@2832000: Halted 
@2833000: Halted 
@2834000: Halted 
@2835000: Halted 
@2836000: Halted 
@2837000: Halted 
@2838000: Halted 
@2839000: Halted 
@2840000: Halted 
@2841000: Halted 
@2842000: Halted 
@2843000: Halted 
@2844000: Halted 
@2845000: Halted 
@2846000: Halted 
@2847000: Halted 
@2848000: Halted 
@2849000: Halted 
@2850000: Halted 
@2851000: Halted 
@2852000: Halted 
@2853000: Halted 
@2854000: Halted 
@2855000: Halted 
@2856000: Halted 
@2857000: Halted 
@2858000: Halted 
@2859000: Halted 
@2860000: Halted 
@2861000: Halted 
@2862000: Halted 
@2863000: Halted 
@2864000: Halted 
@2865000: Halted 
@2866000: Halted 
@2867000: Halted 
@2868000: Halted 
@2869000: Halted 
@2870000: Halted 
@2871000: Halted 
@2872000: Halted 
@2873000: Halted 
@2874000: Halted 
@2875000: Halted 
@2876000: Halted 
@2877000: Halted 
@2878000: Halted 
@2879000: Halted 
@2880000: Halted 
@2881000: Halted 
@2882000: Halted 
@2883000: Halted 
@2884000: Halted 
@2885000: Halted 
@2886000: Halted 
@2887000: Halted 
@2888000: Halted 
@2889000: Halted 
@2890000: Halted 
@2891000: Halted 
@2892000: Halted 
@2893000: Halted 
@2894000: Halted 
@2895000: Halted 
@2896000: Halted 
@2897000: Halted 
@2898000: Halted 
@2899000: Halted 
@2900000: Halted 
@2901000: Halted 
@2902000: Halted 
@2903000: Halted 
@2904000: Halted 
@2905000: Halted 
@2906000: Halted 
@2907000: Halted 
@2908000: Halted 
@2909000: Halted 
@2910000: Halted 
@2911000: Halted 
@2912000: Halted 
@2913000: Halted 
@2914000: Halted 
@2915000: Halted 
@2916000: Halted 
@2917000: Halted 
@2918000: Halted 
@2919000: Halted 
@2920000: Halted 
@2921000: Halted 
@2922000: Halted 
@2923000: Halted 
@2924000: Halted 
@2925000: Halted 
@2926000: Halted 
@2927000: Halted 
@2928000: Halted 
@2929000: Halted 
@2930000: Halted 
@2931000: Halted 
@2932000: Halted 
@2933000: Halted 
@2934000: Halted 
@2935000: Halted 
@2936000: Halted 
@2937000: Halted 
@2938000: Halted 
@2939000: Halted 
@2940000: Halted 
@2941000: Halted 
@2942000: Halted 
@2943000: Halted 
@2944000: Halted 
@2945000: Halted 
@2946000: Halted 
@2947000: Halted 
@2948000: Halted 
@2949000: Halted 
@2950000: Halted 
@2951000: Halted 
@2952000: Halted 
@2953000: Halted 
@2954000: Halted 
@2955000: Halted 
@2956000: Halted 
@2957000: Halted 
@2958000: Halted 
@2959000: Halted 
@2960000: Halted 
@2961000: Halted 
@2962000: Halted 
@2963000: Halted 
@2964000: Halted 
@2965000: Halted 
@2966000: Halted 
@2967000: Halted 
@2968000: Halted 
@2969000: Halted 
@2970000: Halted 
@2971000: Halted 
@2972000: Halted 
@2973000: Halted 
@2974000: Halted 
@2975000: Halted 
@2976000: Halted 
@2977000: Halted 
@2978000: Halted 
@2979000: Halted 
@2980000: Halted 
@2981000: Halted 
@2982000: Halted 
@2983000: Halted 
@2984000: Halted 
@2985000: Halted 
@2986000: Halted 
@2987000: Halted 
@2988000: Halted 
@2989000: Halted 
@2990000: Halted 
@2991000: Halted 
@2992000: Halted 
@2993000: Halted 
@2994000: Halted 
@2995000: Halted 
@2996000: Halted 
@2997000: Halted 
@2998000: Halted 
@2999000: Halted 
@3000000: Halted 
@3001000: Halted 
@3002000: Halted 
@3003000: Halted 
@3004000: Halted 
@3005000: Halted 
@3006000: Halted 
@3007000: Halted 
@3008000: Halted 
@3009000: Halted 
@3010000: Halted 
@3011000: Halted 
@3012000: Halted 
@3013000: Halted 
@3014000: Halted 
@3015000: Halted 
@3016000: Halted 
@3017000: Halted 
@3018000: Halted 
@3019000: Halted 
@3020000: Halted 
@3021000: Halted 
@3022000: Halted 
@3023000: Halted 
@3024000: Halted 
@3025000: Halted 
@3026000: Halted 
@3027000: Halted 
@3028000: Halted 
@3029000: Halted 
@3030000: Halted 
@3031000: Halted 
@3032000: Halted 
@3033000: Halted 
@3034000: Halted 
@3035000: Halted 
@3036000: Halted 
@3037000: Halted 
@3038000: Halted 
@3039000: Halted 
@3040000: Halted 
@3041000: Halted 
@3042000: Halted 
@3043000: Halted 
@3044000: Halted 
@3045000: Halted 
@3046000: Halted 
@3047000: Halted 
@3048000: Halted 
@3049000: Halted 
@3050000: Halted 
@3051000: Halted 
@3052000: Halted 
@3053000: Halted 
@3054000: Halted 
@3055000: Halted 
@3056000: Halted 
@3057000: Halted 
@3058000: Halted 
@3059000: Halted 
@3060000: Halted 
@3061000: Halted 
@3062000: Halted 
@3063000: Halted 
@3064000: Halted 
@3065000: Halted 
@3066000: Halted 
@3067000: Halted 
@3068000: Halted 
@3069000: Halted 
@3070000: Halted 
@3071000: Halted 
@3072000: Halted 
@3073000: Halted 
@3074000: Halted 
@3075000: Halted 
@3076000: Halted 
@3077000: Halted 
@3078000: Halted 
@3079000: Halted 
@3080000: Halted 
@3081000: Halted 
@3082000: Halted 
@3083000: Halted 
@3084000: Halted 
@3085000: Halted 
@3086000: Halted 
@3087000: Halted 
@3088000: Halted 
@3089000: Halted 
@3090000: Halted 
@3091000: Halted 
@3092000: Halted 
@3093000: Halted 
@3094000: Halted 
@3095000: Halted 
@3096000: Halted 
@3097000: Halted 
@3098000: Halted 
@3099000: Halted 
@3100000: Halted 
@3101000: Halted 
@3102000: Halted 
@3103000: Halted 
@3104000: Halted 
@3105000: Halted 
@3106000: Halted 
@3107000: Halted 
@3108000: Halted 
@3109000: Halted 
@3110000: Halted 
@3111000: Halted 
@3112000: Halted 
@3113000: Halted 
@3114000: Halted 
@3115000: Halted 
@3116000: Halted 
@3117000: Halted 
@3118000: Halted 
@3119000: Halted 
@3120000: Halted 
@3121000: Halted 
@3122000: Halted 
@3123000: Halted 
@3124000: Halted 
@3125000: Halted 
@3126000: Halted 
@3127000: Halted 
@3128000: Halted 
@3129000: Halted 
@3130000: Halted 
@3131000: Halted 
@3132000: Halted 
@3133000: Halted 
@3134000: Halted 
@3135000: Halted 
@3136000: Halted 
@3137000: Halted 
@3138000: Halted 
@3139000: Halted 
@3140000: Halted 
@3141000: Halted 
@3142000: Halted 
@3143000: Halted 
@3144000: Halted 
@3145000: Halted 
@3146000: Halted 
@3147000: Halted 
@3148000: Halted 
@3149000: Halted 
@3150000: Halted 
@3151000: Halted 
@3152000: Halted 
@3153000: Halted 
@3154000: Halted 
@3155000: Halted 
@3156000: Halted 
@3157000: Halted 
@3158000: Halted 
@3159000: Halted 
@3160000: Halted 
@3161000: Halted 
@3162000: Halted 
@3163000: Halted 
@3164000: Halted 
@3165000: Halted 
@3166000: Halted 
@3167000: Halted 
@3168000: Halted 
@3169000: Halted 
@3170000: Halted 
@3171000: Halted 
@3172000: Halted 
@3173000: Halted 
@3174000: Halted 
@3175000: Halted 
@3176000: Halted 
@3177000: Halted 
@3178000: Halted 
@3179000: Halted 
@3180000: Halted 
@3181000: Halted 
@3182000: Halted 
@3183000: Halted 
@3184000: Halted 
@3185000: Halted 
@3186000: Halted 
@3187000: Halted 
@3188000: Halted 
@3189000: Halted 
@3190000: Halted 
@3191000: Halted 
@3192000: Halted 
@3193000: Halted 
@3194000: Halted 
@3195000: Halted 
@3196000: Halted 
@3197000: Halted 
@3198000: Halted 
@3199000: Halted 
@3200000: Halted 
@3201000: Halted 
@3202000: Halted 
@3203000: Halted 
@3204000: Halted 
@3205000: Halted 
@3206000: Halted 
@3207000: Halted 
@3208000: Halted 
@3209000: Halted 
@3210000: Halted 
@3211000: Halted 
@3212000: Halted 
@3213000: Halted 
@3214000: Halted 
@3215000: Halted 
@3216000: Halted 
@3217000: Halted 
@3218000: Halted 
@3219000: Halted 
@3220000: Halted 
@3221000: Halted 
@3222000: Halted 
@3223000: Halted 
@3224000: Halted 
@3225000: Halted 
@3226000: Halted 
@3227000: Halted 
@3228000: Halted 
@3229000: Halted 
@3230000: Halted 
@3231000: Halted 
@3232000: Halted 
@3233000: Halted 
@3234000: Halted 
@3235000: Halted 
@3236000: Halted 
@3237000: Halted 
@3238000: Halted 
@3239000: Halted 
@3240000: Halted 
@3241000: Halted 
@3242000: Halted 
@3243000: Halted 
@3244000: Halted 
@3245000: Halted 
@3246000: Halted 
@3247000: Halted 
@3248000: Halted 
@3249000: Halted 
@3250000: Halted 
@3251000: Halted 
@3252000: Halted 
@3253000: Halted 
@3254000: Halted 
@3255000: Halted 
@3256000: Halted 
@3257000: Halted 
@3258000: Halted 
@3259000: Halted 
@3260000: Halted 
@3261000: Halted 
@3262000: Halted 
@3263000: Halted 
@3264000: Halted 
@3265000: Halted 
@3266000: Halted 
@3267000: Halted 
@3268000: Halted 
@3269000: Halted 
@3270000: Halted 
@3271000: Halted 
@3272000: Halted 
@3273000: Halted 
@3274000: Halted 
@3275000: Halted 
@3276000: Halted 
@3277000: Halted 
@3278000: Halted 
@3279000: Halted 
@3280000: Halted 
@3281000: Halted 
@3282000: Halted 
@3283000: Halted 
@3284000: Halted 
@3285000: Halted 
@3286000: Halted 
@3287000: Halted 
@3288000: Halted 
@3289000: Halted 
@3290000: Halted 
@3291000: Halted 
@3292000: Halted 
@3293000: Halted 
@3294000: Halted 
@3295000: Halted 
@3296000: Halted 
@3297000: Halted 
@3298000: Halted 
@3299000: Halted 
@3300000: Halted 
@3301000: Halted 
@3302000: Halted 
@3303000: Halted 
@3304000: Halted 
@3305000: Halted 
@3306000: Halted 
@3307000: Halted 
@3308000: Halted 
@3309000: Halted 
@3310000: Halted 
@3311000: Halted 
@3312000: Halted 
@3313000: Halted 
@3314000: Halted 
@3315000: Halted 
@3316000: Halted 
@3317000: Halted 
@3318000: Halted 
@3319000: Halted 
@3320000: Halted 
@3321000: Halted 
@3322000: Halted 
@3323000: Halted 
@3324000: Halted 
@3325000: Halted 
@3326000: Halted 
@3327000: Halted 
@3328000: Halted 
@3329000: Halted 
@3330000: Halted 
@3331000: Halted 
@3332000: Halted 
@3333000: Halted 
@3334000: Halted 
@3335000: Halted 
@3336000: Halted 
@3337000: Halted 
@3338000: Halted 
@3339000: Halted 
@3340000: Halted 
@3341000: Halted 
@3342000: Halted 
@3343000: Halted 
@3344000: Halted 
@3345000: Halted 
@3346000: Halted 
@3347000: Halted 
@3348000: Halted 
@3349000: Halted 
@3350000: Halted 
@3351000: Halted 
@3352000: Halted 
@3353000: Halted 
@3354000: Halted 
@3355000: Halted 
@3356000: Halted 
@3357000: Halted 
@3358000: Halted 
@3359000: Halted 
@3360000: Halted 
@3361000: Halted 
@3362000: Halted 
@3363000: Halted 
@3364000: Halted 
@3365000: Halted 
@3366000: Halted 
@3367000: Halted 
@3368000: Halted 
@3369000: Halted 
@3370000: Halted 
@3371000: Halted 
@3372000: Halted 
@3373000: Halted 
@3374000: Halted 
@3375000: Halted 
@3376000: Halted 
@3377000: Halted 
@3378000: Halted 
@3379000: Halted 
@3380000: Halted 
@3381000: Halted 
@3382000: Halted 
@3383000: Halted 
@3384000: Halted 
@3385000: Halted 
@3386000: Halted 
@3387000: Halted 
@3388000: Halted 
@3389000: Halted 
@3390000: Halted 
@3391000: Halted 
@3392000: Halted 
@3393000: Halted 
@3394000: Halted 
@3395000: Halted 
@3396000: Halted 
@3397000: Halted 
@3398000: Halted 
@3399000: Halted 
@3400000: Halted 
@3401000: Halted 
@3402000: Halted 
@3403000: Halted 
@3404000: Halted 
@3405000: Halted 
@3406000: Halted 
@3407000: Halted 
@3408000: Halted 
@3409000: Halted 
@3410000: Halted 
@3411000: Halted 
@3412000: Halted 
@3413000: Halted 
@3414000: Halted 
@3415000: Halted 
@3416000: Halted 
@3417000: Halted 
@3418000: Halted 
@3419000: Halted 
@3420000: Halted 
@3421000: Halted 
@3422000: Halted 
@3423000: Halted 
@3424000: Halted 
@3425000: Halted 
@3426000: Halted 
@3427000: Halted 
@3428000: Halted 
@3429000: Halted 
@3430000: Halted 
@3431000: Halted 
@3432000: Halted 
@3433000: Halted 
@3434000: Halted 
@3435000: Halted 
@3436000: Halted 
@3437000: Halted 
@3438000: Halted 
@3439000: Halted 
@3440000: Halted 
@3441000: Halted 
@3442000: Halted 
@3443000: Halted 
@3444000: Halted 
@3445000: Halted 
@3446000: Halted 
@3447000: Halted 
@3448000: Halted 
@3449000: Halted 
@3450000: Halted 
@3451000: Halted 
@3452000: Halted 
@3453000: Halted 
@3454000: Halted 
@3455000: Halted 
@3456000: Halted 
@3457000: Halted 
@3458000: Halted 
@3459000: Halted 
@3460000: Halted 
@3461000: Halted 
@3462000: Halted 
@3463000: Halted 
@3464000: Halted 
@3465000: Halted 
@3466000: Halted 
@3467000: Halted 
@3468000: Halted 
@3469000: Halted 
@3470000: Halted 
@3471000: Halted 
@3472000: Halted 
@3473000: Halted 
@3474000: Halted 
@3475000: Halted 
@3476000: Halted 
@3477000: Halted 
@3478000: Halted 
@3479000: Halted 
@3480000: Halted 
@3481000: Halted 
@3482000: Halted 
@3483000: Halted 
@3484000: Halted 
@3485000: Halted 
@3486000: Halted 
@3487000: Halted 
@3488000: Halted 
@3489000: Halted 
@3490000: Halted 
@3491000: Halted 
@3492000: Halted 
@3493000: Halted 
@3494000: Halted 
@3495000: Halted 
@3496000: Halted 
@3497000: Halted 
@3498000: Halted 
@3499000: Halted 
@3500000: Halted 
@3501000: Halted 
@3502000: Halted 
@3503000: Halted 
@3504000: Halted 
@3505000: Halted 
@3506000: Halted 
@3507000: Halted 
@3508000: Halted 
@3509000: Halted 
@3510000: Halted 
@3511000: Halted 
@3512000: Halted 
@3513000: Halted 
@3514000: Halted 
@3515000: Halted 
@3516000: Halted 
@3517000: Halted 
@3518000: Halted 
@3519000: Halted 
@3520000: Halted 
@3521000: Halted 
@3522000: Halted 
@3523000: Halted 
@3524000: Halted 
@3525000: Halted 
@3526000: Halted 
@3527000: Halted 
@3528000: Halted 
@3529000: Halted 
@3530000: Halted 
@3531000: Halted 
@3532000: Halted 
@3533000: Halted 
@3534000: Halted 
@3535000: Halted 
@3536000: Halted 
@3537000: Halted 
@3538000: Halted 
@3539000: Halted 
@3540000: Halted 
@3541000: Halted 
@3542000: Halted 
@3543000: Halted 
@3544000: Halted 
@3545000: Halted 
@3546000: Halted 
@3547000: Halted 
@3548000: Halted 
@3549000: Halted 
@3550000: Halted 
@3551000: Halted 
@3552000: Halted 
@3553000: Halted 
@3554000: Halted 
@3555000: Halted 
@3556000: Halted 
@3557000: Halted 
@3558000: Halted 
@3559000: Halted 
@3560000: Halted 
@3561000: Halted 
@3562000: Halted 
@3563000: Halted 
@3564000: Halted 
@3565000: Halted 
@3566000: Halted 
@3567000: Halted 
@3568000: Halted 
@3569000: Halted 
@3570000: Halted 
@3571000: Halted 
@3572000: Halted 
@3573000: Halted 
@3574000: Halted 
@3575000: Halted 
@3576000: Halted 
@3577000: Halted 
@3578000: Halted 
@3579000: Halted 
@3580000: Halted 
@3581000: Halted 
@3582000: Halted 
@3583000: Halted 
@3584000: Halted 
@3585000: Halted 
@3586000: Halted 
@3587000: Halted 
@3588000: Halted 
@3589000: Halted 
@3590000: Halted 
@3591000: Halted 
@3592000: Halted 
@3593000: Halted 
@3594000: Halted 
@3595000: Halted 
@3596000: Halted 
@3597000: Halted 
@3598000: Halted 
@3599000: Halted 
@3600000: Halted 
@3601000: Halted 
@3602000: Halted 
@3603000: Halted 
@3604000: Halted 
@3605000: Halted 
@3606000: Halted 
@3607000: Halted 
@3608000: Halted 
@3609000: Halted 
@3610000: Halted 
@3611000: Halted 
@3612000: Halted 
@3613000: Halted 
@3614000: Halted 
@3615000: Halted 
@3616000: Halted 
@3617000: Halted 
@3618000: Halted 
@3619000: Halted 
@3620000: Halted 
@3621000: Halted 
@3622000: Halted 
@3623000: Halted 
@3624000: Halted 
@3625000: Halted 
@3626000: Halted 
@3627000: Halted 
@3628000: Halted 
@3629000: Halted 
@3630000: Halted 
@3631000: Halted 
@3632000: Halted 
@3633000: Halted 
@3634000: Halted 
@3635000: Halted 
@3636000: Halted 
@3637000: Halted 
@3638000: Halted 
@3639000: Halted 
@3640000: Halted 
@3641000: Halted 
@3642000: Halted 
@3643000: Halted 
@3644000: Halted 
@3645000: Halted 
@3646000: Halted 
@3647000: Halted 
@3648000: Halted 
@3649000: Halted 
@3650000: Halted 
@3651000: Halted 
@3652000: Halted 
@3653000: Halted 
@3654000: Halted 
@3655000: Halted 
@3656000: Halted 
@3657000: Halted 
@3658000: Halted 
@3659000: Halted 
@3660000: Halted 
@3661000: Halted 
@3662000: Halted 
@3663000: Halted 
@3664000: Halted 
@3665000: Halted 
@3666000: Halted 
@3667000: Halted 
@3668000: Halted 
@3669000: Halted 
@3670000: Halted 
@3671000: Halted 
@3672000: Halted 
@3673000: Halted 
@3674000: Halted 
@3675000: Halted 
@3676000: Halted 
@3677000: Halted 
@3678000: Halted 
@3679000: Halted 
@3680000: Halted 
@3681000: Halted 
@3682000: Halted 
@3683000: Halted 
@3684000: Halted 
@3685000: Halted 
@3686000: Halted 
@3687000: Halted 
@3688000: Halted 
@3689000: Halted 
@3690000: Halted 
@3691000: Halted 
@3692000: Halted 
@3693000: Halted 
@3694000: Halted 
@3695000: Halted 
@3696000: Halted 
@3697000: Halted 
@3698000: Halted 
@3699000: Halted 
@3700000: Halted 
@3701000: Halted 
@3702000: Halted 
@3703000: Halted 
@3704000: Halted 
@3705000: Halted 
@3706000: Halted 
@3707000: Halted 
@3708000: Halted 
@3709000: Halted 
@3710000: Halted 
@3711000: Halted 
@3712000: Halted 
@3713000: Halted 
@3714000: Halted 
@3715000: Halted 
@3716000: Halted 
@3717000: Halted 
@3718000: Halted 
@3719000: Halted 
@3720000: Halted 
@3721000: Halted 
@3722000: Halted 
@3723000: Halted 
@3724000: Halted 
@3725000: Halted 
@3726000: Halted 
@3727000: Halted 
@3728000: Halted 
@3729000: Halted 
@3730000: Halted 
@3731000: Halted 
@3732000: Halted 
@3733000: Halted 
@3734000: Halted 
@3735000: Halted 
@3736000: Halted 
@3737000: Halted 
@3738000: Halted 
@3739000: Halted 
@3740000: Halted 
@3741000: Halted 
@3742000: Halted 
@3743000: Halted 
@3744000: Halted 
@3745000: Halted 
@3746000: Halted 
@3747000: Halted 
@3748000: Halted 
@3749000: Halted 
@3750000: Halted 
@3751000: Halted 
@3752000: Halted 
@3753000: Halted 
@3754000: Halted 
@3755000: Halted 
@3756000: Halted 
@3757000: Halted 
@3758000: Halted 
@3759000: Halted 
@3760000: Halted 
@3761000: Halted 
@3762000: Halted 
@3763000: Halted 
@3764000: Halted 
@3765000: Halted 
@3766000: Halted 
@3767000: Halted 
@3768000: Halted 
@3769000: Halted 
@3770000: Halted 
@3771000: Halted 
@3772000: Halted 
@3773000: Halted 
@3774000: Halted 
@3775000: Halted 
@3776000: Halted 
@3777000: Halted 
@3778000: Halted 
@3779000: Halted 
@3780000: Halted 
@3781000: Halted 
@3782000: Halted 
@3783000: Halted 
@3784000: Halted 
@3785000: Halted 
@3786000: Halted 
@3787000: Halted 
@3788000: Halted 
@3789000: Halted 
@3790000: Halted 
@3791000: Halted 
@3792000: Halted 
@3793000: Halted 
@3794000: Halted 
@3795000: Halted 
@3796000: Halted 
@3797000: Halted 
@3798000: Halted 
@3799000: Halted 
@3800000: Halted 
@3801000: Halted 
@3802000: Halted 
@3803000: Halted 
@3804000: Halted 
@3805000: Halted 
@3806000: Halted 
@3807000: Halted 
@3808000: Halted 
@3809000: Halted 
@3810000: Halted 
@3811000: Halted 
@3812000: Halted 
@3813000: Halted 
@3814000: Halted 
@3815000: Halted 
@3816000: Halted 
@3817000: Halted 
@3818000: Halted 
@3819000: Halted 
@3820000: Halted 
@3821000: Halted 
@3822000: Halted 
@3823000: Halted 
@3824000: Halted 
@3825000: Halted 
@3826000: Halted 
@3827000: Halted 
@3828000: Halted 
@3829000: Halted 
@3830000: Halted 
@3831000: Halted 
@3832000: Halted 
@3833000: Halted 
@3834000: Halted 
@3835000: Halted 
@3836000: Halted 
@3837000: Halted 
@3838000: Halted 
@3839000: Halted 
@3840000: Halted 
@3841000: Halted 
@3842000: Halted 
@3843000: Halted 
@3844000: Halted 
@3845000: Halted 
@3846000: Halted 
@3847000: Halted 
@3848000: Halted 
@3849000: Halted 
@3850000: Halted 
@3851000: Halted 
@3852000: Halted 
@3853000: Halted 
@3854000: Halted 
@3855000: Halted 
@3856000: Halted 
@3857000: Halted 
@3858000: Halted 
@3859000: Halted 
@3860000: Halted 
@3861000: Halted 
@3862000: Halted 
@3863000: Halted 
@3864000: Halted 
@3865000: Halted 
@3866000: Halted 
@3867000: Halted 
@3868000: Halted 
@3869000: Halted 
@3870000: Halted 
@3871000: Halted 
@3872000: Halted 
@3873000: Halted 
@3874000: Halted 
@3875000: Halted 
@3876000: Halted 
@3877000: Halted 
@3878000: Halted 
@3879000: Halted 
@3880000: Halted 
@3881000: Halted 
@3882000: Halted 
@3883000: Halted 
@3884000: Halted 
@3885000: Halted 
@3886000: Halted 
@3887000: Halted 
@3888000: Halted 
@3889000: Halted 
@3890000: Halted 
@3891000: Halted 
@3892000: Halted 
@3893000: Halted 
@3894000: Halted 
@3895000: Halted 
@3896000: Halted 
@3897000: Halted 
@3898000: Halted 
@3899000: Halted 
@3900000: Halted 
@3901000: Halted 
@3902000: Halted 
@3903000: Halted 
@3904000: Halted 
@3905000: Halted 
@3906000: Halted 
@3907000: Halted 
@3908000: Halted 
@3909000: Halted 
@3910000: Halted 
@3911000: Halted 
@3912000: Halted 
@3913000: Halted 
@3914000: Halted 
@3915000: Halted 
@3916000: Halted 
@3917000: Halted 
@3918000: Halted 
@3919000: Halted 
@3920000: Halted 
@3921000: Halted 
@3922000: Halted 
@3923000: Halted 
@3924000: Halted 
@3925000: Halted 
@3926000: Halted 
@3927000: Halted 
@3928000: Halted 
@3929000: Halted 
@3930000: Halted 
@3931000: Halted 
@3932000: Halted 
@3933000: Halted 
@3934000: Halted 
@3935000: Halted 
@3936000: Halted 
@3937000: Halted 
@3938000: Halted 
@3939000: Halted 
@3940000: Halted 
@3941000: Halted 
@3942000: Halted 
@3943000: Halted 
@3944000: Halted 
@3945000: Halted 
@3946000: Halted 
@3947000: Halted 
@3948000: Halted 
@3949000: Halted 
@3950000: Halted 
@3951000: Halted 
@3952000: Halted 
@3953000: Halted 
@3954000: Halted 
@3955000: Halted 
@3956000: Halted 
@3957000: Halted 
@3958000: Halted 
@3959000: Halted 
@3960000: Halted 
@3961000: Halted 
@3962000: Halted 
@3963000: Halted 
@3964000: Halted 
@3965000: Halted 
@3966000: Halted 
@3967000: Halted 
@3968000: Halted 
@3969000: Halted 
@3970000: Halted 
@3971000: Halted 
@3972000: Halted 
@3973000: Halted 
@3974000: Halted 
@3975000: Halted 
@3976000: Halted 
@3977000: Halted 
@3978000: Halted 
@3979000: Halted 
@3980000: Halted 
@3981000: Halted 
@3982000: Halted 
@3983000: Halted 
@3984000: Halted 
@3985000: Halted 
@3986000: Halted 
@3987000: Halted 
@3988000: Halted 
@3989000: Halted 
@3990000: Halted 
@3991000: Halted 
@3992000: Halted 
@3993000: Halted 
@3994000: Halted 
@3995000: Halted 
@3996000: Halted 
@3997000: Halted 
@3998000: Halted 
@3999000: Halted 
@4000000: Halted 
@4001000: Halted 
@4002000: Halted 
@4003000: Halted 
@4004000: Halted 
@4005000: Halted 
@4006000: Halted 
@4007000: Halted 
@4008000: Halted 
@4009000: Halted 
@4010000: Halted 
@4011000: Halted 
@4012000: Halted 
@4013000: Halted 
@4014000: Halted 
@4015000: Halted 
@4016000: Halted 
@4017000: Halted 
@4018000: Halted 
@4019000: Halted 
@4020000: Halted 
@4021000: Halted 
@4022000: Halted 
@4023000: Halted 
@4024000: Halted 
@4025000: Halted 
@4026000: Halted 
@4027000: Halted 
@4028000: Halted 
@4029000: Halted 
@4030000: Halted 
@4031000: Halted 
@4032000: Halted 
@4033000: Halted 
@4034000: Halted 
@4035000: Halted 
@4036000: Halted 
@4037000: Halted 
@4038000: Halted 
@4039000: Halted 
@4040000: Halted 
@4041000: Halted 
@4042000: Halted 
@4043000: Halted 
@4044000: Halted 
@4045000: Halted 
@4046000: Halted 
@4047000: Halted 
@4048000: Halted 
@4049000: Halted 
@4050000: Halted 
@4051000: Halted 
@4052000: Halted 
@4053000: Halted 
@4054000: Halted 
@4055000: Halted 
@4056000: Halted 
@4057000: Halted 
@4058000: Halted 
@4059000: Halted 
@4060000: Halted 
@4061000: Halted 
@4062000: Halted 
@4063000: Halted 
@4064000: Halted 
@4065000: Halted 
@4066000: Halted 
@4067000: Halted 
@4068000: Halted 
@4069000: Halted 
@4070000: Halted 
@4071000: Halted 
@4072000: Halted 
@4073000: Halted 
@4074000: Halted 
@4075000: Halted 
@4076000: Halted 
@4077000: Halted 
@4078000: Halted 
@4079000: Halted 
@4080000: Halted 
@4081000: Halted 
@4082000: Halted 
@4083000: Halted 
@4084000: Halted 
@4085000: Halted 
@4086000: Halted 
@4087000: Halted 
@4088000: Halted 
@4089000: Halted 
@4090000: Halted 
@4091000: Halted 
@4092000: Halted 
@4093000: Halted 
@4094000: Halted 
@4095000: Halted 
@4096000: Halted 
@4097000: Halted 
@4098000: Halted 
@4099000: Halted 
@4100000: Halted 
@4101000: Halted 
@4102000: Halted 
@4103000: Halted 
@4104000: Halted 
@4105000: Halted 
@4106000: Halted 
@4107000: Halted 
@4108000: Halted 
@4109000: Halted 
@4110000: Halted 
@4111000: Halted 
@4112000: Halted 
@4113000: Halted 
@4114000: Halted 
@4115000: Halted 
@4116000: Halted 
@4117000: Halted 
@4118000: Halted 
@4119000: Halted 
@4120000: Halted 
@4121000: Halted 
@4122000: Halted 
@4123000: Halted 
@4124000: Halted 
@4125000: Halted 
@4126000: Halted 
@4127000: Halted 
@4128000: Halted 
@4129000: Halted 
@4130000: Halted 
@4131000: Halted 
@4132000: Halted 
@4133000: Halted 
@4134000: Halted 
@4135000: Halted 
@4136000: Halted 
@4137000: Halted 
@4138000: Halted 
@4139000: Halted 
@4140000: Halted 
@4141000: Halted 
@4142000: Halted 
@4143000: Halted 
@4144000: Halted 
@4145000: Halted 
@4146000: Halted 
@4147000: Halted 
@4148000: Halted 
@4149000: Halted 
@4150000: Halted 
@4151000: Halted 
@4152000: Halted 
@4153000: Halted 
@4154000: Halted 
@4155000: Halted 
@4156000: Halted 
@4157000: Halted 
@4158000: Halted 
@4159000: Halted 
@4160000: Halted 
@4161000: Halted 
@4162000: Halted 
@4163000: Halted 
@4164000: Halted 
@4165000: Halted 
@4166000: Halted 
@4167000: Halted 
@4168000: Halted 
@4169000: Halted 
@4170000: Halted 
@4171000: Halted 
@4172000: Halted 
@4173000: Halted 
@4174000: Halted 
@4175000: Halted 
@4176000: Halted 
@4177000: Halted 
@4178000: Halted 
@4179000: Halted 
@4180000: Halted 
@4181000: Halted 
@4182000: Halted 
@4183000: Halted 
@4184000: Halted 
@4185000: Halted 
@4186000: Halted 
@4187000: Halted 
@4188000: Halted 
@4189000: Halted 
@4190000: Halted 
@4191000: Halted 
@4192000: Halted 
@4193000: Halted 
@4194000: Halted 
@4195000: Halted 
@4196000: Halted 
@4197000: Halted 
@4198000: Halted 
@4199000: Halted 
@4200000: Halted 
@4201000: Halted 
@4202000: Halted 
@4203000: Halted 
@4204000: Halted 
@4205000: Halted 
@4206000: Halted 
@4207000: Halted 
@4208000: Halted 
@4209000: Halted 
@4210000: Halted 
@4211000: Halted 
@4212000: Halted 
@4213000: Halted 
@4214000: Halted 
@4215000: Halted 
@4216000: Halted 
@4217000: Halted 
@4218000: Halted 
@4219000: Halted 
@4220000: Halted 
@4221000: Halted 
@4222000: Halted 
@4223000: Halted 
@4224000: Halted 
@4225000: Halted 
@4226000: Halted 
@4227000: Halted 
@4228000: Halted 
@4229000: Halted 
@4230000: Halted 
@4231000: Halted 
@4232000: Halted 
@4233000: Halted 
@4234000: Halted 
@4235000: Halted 
@4236000: Halted 
@4237000: Halted 
@4238000: Halted 
@4239000: Halted 
@4240000: Halted 
@4241000: Halted 
@4242000: Halted 
@4243000: Halted 
@4244000: Halted 
@4245000: Halted 
@4246000: Halted 
@4247000: Halted 
@4248000: Halted 
@4249000: Halted 
@4250000: Halted 
@4251000: Halted 
@4252000: Halted 
@4253000: Halted 
@4254000: Halted 
@4255000: Halted 
@4256000: Halted 
@4257000: Halted 
@4258000: Halted 
@4259000: Halted 
@4260000: Halted 
@4261000: Halted 
@4262000: Halted 
@4263000: Halted 
@4264000: Halted 
@4265000: Halted 
@4266000: Halted 
@4267000: Halted 
@4268000: Halted 
@4269000: Halted 
@4270000: Halted 
@4271000: Halted 
@4272000: Halted 
@4273000: Halted 
@4274000: Halted 
@4275000: Halted 
@4276000: Halted 
@4277000: Halted 
@4278000: Halted 
@4279000: Halted 
@4280000: Halted 
@4281000: Halted 
@4282000: Halted 
@4283000: Halted 
@4284000: Halted 
@4285000: Halted 
@4286000: Halted 
@4287000: Halted 
@4288000: Halted 
@4289000: Halted 
@4290000: Halted 
@4291000: Halted 
@4292000: Halted 
@4293000: Halted 
@4294000: Halted 
@4295000: Halted 
@4296000: Halted 
@4297000: Halted 
@4298000: Halted 
@4299000: Halted 
@4300000: Halted 
@4301000: Halted 
@4302000: Halted 
@4303000: Halted 
@4304000: Halted 
@4305000: Halted 
@4306000: Halted 
@4307000: Halted 
@4308000: Halted 
@4309000: Halted 
@4310000: Halted 
@4311000: Halted 
@4312000: Halted 
@4313000: Halted 
@4314000: Halted 
@4315000: Halted 
@4316000: Halted 
@4317000: Halted 
@4318000: Halted 
@4319000: Halted 
@4320000: Halted 
@4321000: Halted 
@4322000: Halted 
@4323000: Halted 
@4324000: Halted 
@4325000: Halted 
@4326000: Halted 
@4327000: Halted 
@4328000: Halted 
@4329000: Halted 
@4330000: Halted 
@4331000: Halted 
@4332000: Halted 
@4333000: Halted 
@4334000: Halted 
@4335000: Halted 
@4336000: Halted 
@4337000: Halted 
@4338000: Halted 
@4339000: Halted 
@4340000: Halted 
@4341000: Halted 
@4342000: Halted 
@4343000: Halted 
@4344000: Halted 
@4345000: Halted 
@4346000: Halted 
@4347000: Halted 
@4348000: Halted 
@4349000: Halted 
@4350000: Halted 
@4351000: Halted 
@4352000: Halted 
@4353000: Halted 
@4354000: Halted 
@4355000: Halted 
@4356000: Halted 
@4357000: Halted 
@4358000: Halted 
@4359000: Halted 
@4360000: Halted 
@4361000: Halted 
@4362000: Halted 
@4363000: Halted 
@4364000: Halted 
@4365000: Halted 
@4366000: Halted 
@4367000: Halted 
@4368000: Halted 
@4369000: Halted 
@4370000: Halted 
@4371000: Halted 
@4372000: Halted 
@4373000: Halted 
@4374000: Halted 
@4375000: Halted 
@4376000: Halted 
@4377000: Halted 
@4378000: Halted 
@4379000: Halted 
@4380000: Halted 
@4381000: Halted 
@4382000: Halted 
@4383000: Halted 
@4384000: Halted 
@4385000: Halted 
@4386000: Halted 
@4387000: Halted 
@4388000: Halted 
@4389000: Halted 
@4390000: Halted 
@4391000: Halted 
@4392000: Halted 
@4393000: Halted 
@4394000: Halted 
@4395000: Halted 
@4396000: Halted 
@4397000: Halted 
@4398000: Halted 
@4399000: Halted 
@4400000: Halted 
@4401000: Halted 
@4402000: Halted 
@4403000: Halted 
@4404000: Halted 
@4405000: Halted 
@4406000: Halted 
@4407000: Halted 
@4408000: Halted 
@4409000: Halted 
@4410000: Halted 
@4411000: Halted 
@4412000: Halted 
@4413000: Halted 
@4414000: Halted 
@4415000: Halted 
@4416000: Halted 
@4417000: Halted 
@4418000: Halted 
@4419000: Halted 
@4420000: Halted 
@4421000: Halted 
@4422000: Halted 
@4423000: Halted 
@4424000: Halted 
@4425000: Halted 
@4426000: Halted 
@4427000: Halted 
@4428000: Halted 
@4429000: Halted 
@4430000: Halted 
@4431000: Halted 
@4432000: Halted 
@4433000: Halted 
@4434000: Halted 
@4435000: Halted 
@4436000: Halted 
@4437000: Halted 
@4438000: Halted 
@4439000: Halted 
@4440000: Halted 
@4441000: Halted 
@4442000: Halted 
@4443000: Halted 
@4444000: Halted 
@4445000: Halted 
@4446000: Halted 
@4447000: Halted 
@4448000: Halted 
@4449000: Halted 
@4450000: Halted 
@4451000: Halted 
@4452000: Halted 
@4453000: Halted 
@4454000: Halted 
@4455000: Halted 
@4456000: Halted 
@4457000: Halted 
@4458000: Halted 
@4459000: Halted 
@4460000: Halted 
@4461000: Halted 
@4462000: Halted 
@4463000: Halted 
@4464000: Halted 
@4465000: Halted 
@4466000: Halted 
@4467000: Halted 
@4468000: Halted 
@4469000: Halted 
@4470000: Halted 
@4471000: Halted 
@4472000: Halted 
@4473000: Halted 
@4474000: Halted 
@4475000: Halted 
@4476000: Halted 
@4477000: Halted 
@4478000: Halted 
@4479000: Halted 
@4480000: Halted 
@4481000: Halted 
@4482000: Halted 
@4483000: Halted 
@4484000: Halted 
@4485000: Halted 
@4486000: Halted 
@4487000: Halted 
@4488000: Halted 
@4489000: Halted 
@4490000: Halted 
@4491000: Halted 
@4492000: Halted 
@4493000: Halted 
@4494000: Halted 
@4495000: Halted 
@4496000: Halted 
@4497000: Halted 
@4498000: Halted 
@4499000: Halted 
@4500000: Halted 
@4501000: Halted 
@4502000: Halted 
@4503000: Halted 
@4504000: Halted 
@4505000: Halted 
@4506000: Halted 
@4507000: Halted 
@4508000: Halted 
@4509000: Halted 
@4510000: Halted 
@4511000: Halted 
@4512000: Halted 
@4513000: Halted 
@4514000: Halted 
@4515000: Halted 
@4516000: Halted 
@4517000: Halted 
@4518000: Halted 
@4519000: Halted 
@4520000: Halted 
@4521000: Halted 
@4522000: Halted 
@4523000: Halted 
@4524000: Halted 
@4525000: Halted 
@4526000: Halted 
@4527000: Halted 
@4528000: Halted 
@4529000: Halted 
@4530000: Halted 
@4531000: Halted 
@4532000: Halted 
@4533000: Halted 
@4534000: Halted 
@4535000: Halted 
@4536000: Halted 
@4537000: Halted 
@4538000: Halted 
@4539000: Halted 
@4540000: Halted 
@4541000: Halted 
@4542000: Halted 
@4543000: Halted 
@4544000: Halted 
@4545000: Halted 
@4546000: Halted 
@4547000: Halted 
@4548000: Halted 
@4549000: Halted 
@4550000: Halted 
@4551000: Halted 
@4552000: Halted 
@4553000: Halted 
@4554000: Halted 
@4555000: Halted 
@4556000: Halted 
@4557000: Halted 
@4558000: Halted 
@4559000: Halted 
@4560000: Halted 
@4561000: Halted 
@4562000: Halted 
@4563000: Halted 
@4564000: Halted 
@4565000: Halted 
@4566000: Halted 
@4567000: Halted 
@4568000: Halted 
@4569000: Halted 
@4570000: Halted 
@4571000: Halted 
@4572000: Halted 
@4573000: Halted 
@4574000: Halted 
@4575000: Halted 
@4576000: Halted 
@4577000: Halted 
@4578000: Halted 
@4579000: Halted 
@4580000: Halted 
@4581000: Halted 
@4582000: Halted 
@4583000: Halted 
@4584000: Halted 
@4585000: Halted 
@4586000: Halted 
@4587000: Halted 
@4588000: Halted 
@4589000: Halted 
@4590000: Halted 
@4591000: Halted 
@4592000: Halted 
@4593000: Halted 
@4594000: Halted 
@4595000: Halted 
@4596000: Halted 
@4597000: Halted 
@4598000: Halted 
@4599000: Halted 
@4600000: Halted 
@4601000: Halted 
@4602000: Halted 
@4603000: Halted 
@4604000: Halted 
@4605000: Halted 
@4606000: Halted 
@4607000: Halted 
@4608000: Halted 
@4609000: Halted 
@4610000: Halted 
@4611000: Halted 
@4612000: Halted 
@4613000: Halted 
@4614000: Halted 
@4615000: Halted 
@4616000: Halted 
@4617000: Halted 
@4618000: Halted 
@4619000: Halted 
@4620000: Halted 
@4621000: Halted 
@4622000: Halted 
@4623000: Halted 
@4624000: Halted 
@4625000: Halted 
@4626000: Halted 
@4627000: Halted 
@4628000: Halted 
@4629000: Halted 
@4630000: Halted 
@4631000: Halted 
@4632000: Halted 
@4633000: Halted 
@4634000: Halted 
@4635000: Halted 
@4636000: Halted 
@4637000: Halted 
@4638000: Halted 
@4639000: Halted 
@4640000: Halted 
@4641000: Halted 
@4642000: Halted 
@4643000: Halted 
@4644000: Halted 
@4645000: Halted 
@4646000: Halted 
@4647000: Halted 
@4648000: Halted 
@4649000: Halted 
@4650000: Halted 
@4651000: Halted 
@4652000: Halted 
@4653000: Halted 
@4654000: Halted 
@4655000: Halted 
@4656000: Halted 
@4657000: Halted 
@4658000: Halted 
@4659000: Halted 
@4660000: Halted 
@4661000: Halted 
@4662000: Halted 
@4663000: Halted 
@4664000: Halted 
@4665000: Halted 
@4666000: Halted 
@4667000: Halted 
@4668000: Halted 
@4669000: Halted 
@4670000: Halted 
@4671000: Halted 
@4672000: Halted 
@4673000: Halted 
@4674000: Halted 
@4675000: Halted 
@4676000: Halted 
@4677000: Halted 
@4678000: Halted 
@4679000: Halted 
@4680000: Halted 
@4681000: Halted 
@4682000: Halted 
@4683000: Halted 
@4684000: Halted 
@4685000: Halted 
@4686000: Halted 
@4687000: Halted 
@4688000: Halted 
@4689000: Halted 
@4690000: Halted 
@4691000: Halted 
@4692000: Halted 
@4693000: Halted 
@4694000: Halted 
@4695000: Halted 
@4696000: Halted 
@4697000: Halted 
@4698000: Halted 
@4699000: Halted 
@4700000: Halted 
@4701000: Halted 
@4702000: Halted 
@4703000: Halted 
@4704000: Halted 
@4705000: Halted 
@4706000: Halted 
@4707000: Halted 
@4708000: Halted 
@4709000: Halted 
@4710000: Halted 
@4711000: Halted 
@4712000: Halted 
@4713000: Halted 
@4714000: Halted 
@4715000: Halted 
@4716000: Halted 
@4717000: Halted 
@4718000: Halted 
@4719000: Halted 
@4720000: Halted 
@4721000: Halted 
@4722000: Halted 
@4723000: Halted 
@4724000: Halted 
@4725000: Halted 
@4726000: Halted 
@4727000: Halted 
@4728000: Halted 
@4729000: Halted 
@4730000: Halted 
@4731000: Halted 
@4732000: Halted 
@4733000: Halted 
@4734000: Halted 
@4735000: Halted 
@4736000: Halted 
@4737000: Halted 
@4738000: Halted 
@4739000: Halted 
@4740000: Halted 
@4741000: Halted 
@4742000: Halted 
@4743000: Halted 
@4744000: Halted 
@4745000: Halted 
@4746000: Halted 
@4747000: Halted 
@4748000: Halted 
@4749000: Halted 
@4750000: Halted 
@4751000: Halted 
@4752000: Halted 
@4753000: Halted 
@4754000: Halted 
@4755000: Halted 
@4756000: Halted 
@4757000: Halted 
@4758000: Halted 
@4759000: Halted 
@4760000: Halted 
@4761000: Halted 
@4762000: Halted 
@4763000: Halted 
@4764000: Halted 
@4765000: Halted 
@4766000: Halted 
@4767000: Halted 
@4768000: Halted 
@4769000: Halted 
@4770000: Halted 
@4771000: Halted 
@4772000: Halted 
@4773000: Halted 
@4774000: Halted 
@4775000: Halted 
@4776000: Halted 
@4777000: Halted 
@4778000: Halted 
@4779000: Halted 
@4780000: Halted 
@4781000: Halted 
@4782000: Halted 
@4783000: Halted 
@4784000: Halted 
@4785000: Halted 
@4786000: Halted 
@4787000: Halted 
@4788000: Halted 
@4789000: Halted 
@4790000: Halted 
@4791000: Halted 
@4792000: Halted 
@4793000: Halted 
@4794000: Halted 
@4795000: Halted 
@4796000: Halted 
@4797000: Halted 
@4798000: Halted 
@4799000: Halted 
@4800000: Halted 
@4801000: Halted 
@4802000: Halted 
@4803000: Halted 
@4804000: Halted 
@4805000: Halted 
@4806000: Halted 
@4807000: Halted 
@4808000: Halted 
@4809000: Halted 
@4810000: Halted 
@4811000: Halted 
@4812000: Halted 
@4813000: Halted 
@4814000: Halted 
@4815000: Halted 
@4816000: Halted 
@4817000: Halted 
@4818000: Halted 
@4819000: Halted 
@4820000: Halted 
@4821000: Halted 
@4822000: Halted 
@4823000: Halted 
@4824000: Halted 
@4825000: Halted 
@4826000: Halted 
@4827000: Halted 
@4828000: Halted 
@4829000: Halted 
@4830000: Halted 
@4831000: Halted 
@4832000: Halted 
@4833000: Halted 
@4834000: Halted 
@4835000: Halted 
@4836000: Halted 
@4837000: Halted 
@4838000: Halted 
@4839000: Halted 
@4840000: Halted 
@4841000: Halted 
@4842000: Halted 
@4843000: Halted 
@4844000: Halted 
@4845000: Halted 
@4846000: Halted 
@4847000: Halted 
@4848000: Halted 
@4849000: Halted 
@4850000: Halted 
@4851000: Halted 
@4852000: Halted 
@4853000: Halted 
@4854000: Halted 
@4855000: Halted 
@4856000: Halted 
@4857000: Halted 
@4858000: Halted 
@4859000: Halted 
@4860000: Halted 
@4861000: Halted 
@4862000: Halted 
@4863000: Halted 
@4864000: Halted 
@4865000: Halted 
@4866000: Halted 
@4867000: Halted 
@4868000: Halted 
@4869000: Halted 
@4870000: Halted 
@4871000: Halted 
@4872000: Halted 
@4873000: Halted 
@4874000: Halted 
@4875000: Halted 
@4876000: Halted 
@4877000: Halted 
@4878000: Halted 
@4879000: Halted 
@4880000: Halted 
@4881000: Halted 
@4882000: Halted 
@4883000: Halted 
@4884000: Halted 
@4885000: Halted 
@4886000: Halted 
@4887000: Halted 
@4888000: Halted 
@4889000: Halted 
@4890000: Halted 
@4891000: Halted 
@4892000: Halted 
@4893000: Halted 
@4894000: Halted 
@4895000: Halted 
@4896000: Halted 
@4897000: Halted 
@4898000: Halted 
@4899000: Halted 
@4900000: Halted 
@4901000: Halted 
@4902000: Halted 
@4903000: Halted 
@4904000: Halted 
@4905000: Halted 
@4906000: Halted 
@4907000: Halted 
@4908000: Halted 
@4909000: Halted 
@4910000: Halted 
@4911000: Halted 
@4912000: Halted 
@4913000: Halted 
@4914000: Halted 
@4915000: Halted 
@4916000: Halted 
@4917000: Halted 
@4918000: Halted 
@4919000: Halted 
@4920000: Halted 
@4921000: Halted 
@4922000: Halted 
@4923000: Halted 
@4924000: Halted 
@4925000: Halted 
@4926000: Halted 
@4927000: Halted 
@4928000: Halted 
@4929000: Halted 
@4930000: Halted 
@4931000: Halted 
@4932000: Halted 
@4933000: Halted 
@4934000: Halted 
@4935000: Halted 
@4936000: Halted 
@4937000: Halted 
@4938000: Halted 
@4939000: Halted 
@4940000: Halted 
@4941000: Halted 
@4942000: Halted 
@4943000: Halted 
@4944000: Halted 
@4945000: Halted 
@4946000: Halted 
@4947000: Halted 
@4948000: Halted 
@4949000: Halted 
@4950000: Halted 
@4951000: Halted 
@4952000: Halted 
@4953000: Halted 
@4954000: Halted 
@4955000: Halted 
@4956000: Halted 
@4957000: Halted 
@4958000: Halted 
@4959000: Halted 
@4960000: Halted 
@4961000: Halted 
@4962000: Halted 
@4963000: Halted 
@4964000: Halted 
@4965000: Halted 
@4966000: Halted 
@4967000: Halted 
@4968000: Halted 
@4969000: Halted 
@4970000: Halted 
@4971000: Halted 
@4972000: Halted 
@4973000: Halted 
@4974000: Halted 
@4975000: Halted 
@4976000: Halted 
@4977000: Halted 
@4978000: Halted 
@4979000: Halted 
@4980000: Halted 
@4981000: Halted 
@4982000: Halted 
@4983000: Halted 
@4984000: Halted 
@4985000: Halted 
@4986000: Halted 
@4987000: Halted 
@4988000: Halted 
@4989000: Halted 
@4990000: Halted 
@4991000: Halted 
@4992000: Halted 
@4993000: Halted 
@4994000: Halted 
@4995000: Halted 
@4996000: Halted 
@4997000: Halted 
@4998000: Halted 
@4999000: Halted 
@5000000: Halted 
@5001000: Halted 
@5002000: Halted 
@5003000: Halted 
@5004000: Halted 
@5005000: Halted 
@5006000: Halted 
@5007000: Halted 
@5008000: Halted 
@5009000: Halted 
@5010000: Halted 
@5011000: Halted 
@5012000: Halted 
@5013000: Halted 
@5014000: Halted 
@5015000: Halted 
@5016000: Halted 
@5017000: Halted 
@5018000: Halted 
@5019000: Halted 
@5020000: Halted 
@5021000: Halted 
@5022000: Halted 
@5023000: Halted 
@5024000: Halted 
@5025000: Halted 
@5026000: Halted 
@5027000: Halted 
@5028000: Halted 
@5029000: Halted 
@5030000: Halted 
@5031000: Halted 
@5032000: Halted 
@5033000: Halted 
@5034000: Halted 
@5035000: Halted 
@5036000: Halted 
@5037000: Halted 
@5038000: Halted 
@5039000: Halted 
@5040000: Halted 
@5041000: Halted 
@5042000: Halted 
@5043000: Halted 
@5044000: Halted 
@5045000: Halted 
@5046000: Halted 
@5047000: Halted 
@5048000: Halted 
@5049000: Halted 
@5050000: Halted 
@5051000: Halted 
@5052000: Halted 
@5053000: Halted 
@5054000: Halted 
@5055000: Halted 
@5056000: Halted 
@5057000: Halted 
@5058000: Halted 
@5059000: Halted 
@5060000: Halted 
@5061000: Halted 
@5062000: Halted 
@5063000: Halted 
@5064000: Halted 
@5065000: Halted 
@5066000: Halted 
@5067000: Halted 
@5068000: Halted 
@5069000: Halted 
@5070000: Halted 
@5071000: Halted 
@5072000: Halted 
@5073000: Halted 
@5074000: Halted 
@5075000: Halted 
@5076000: Halted 
@5077000: Halted 
@5078000: Halted 
@5079000: Halted 
@5080000: Halted 
@5081000: Halted 
@5082000: Halted 
@5083000: Halted 
@5084000: Halted 
@5085000: Halted 
@5086000: Halted 
@5087000: Halted 
@5088000: Halted 
@5089000: Halted 
@5090000: Halted 
@5091000: Halted 
@5092000: Halted 
@5093000: Halted 
@5094000: Halted 
@5095000: Halted 
@5096000: Halted 
@5097000: Halted 
@5098000: Halted 
@5099000: Halted 
@5100000: Halted 
@5101000: Halted 
@5102000: Halted 
@5103000: Halted 
@5104000: Halted 
@5105000: Halted 
@5106000: Halted 
@5107000: Halted 
@5108000: Halted 
@5109000: Halted 
@5110000: Halted 
@5111000: Halted 
@5112000: Halted 
@5113000: Halted 
@5114000: Halted 
@5115000: Halted 
@5116000: Halted 
@5117000: Halted 
@5118000: Halted 
@5119000: Halted 
@5120000: Halted 
@5121000: Halted 
@5122000: Halted 
@5123000: Halted 
@5124000: Halted 
@5125000: Halted 
@5126000: Halted 
@5127000: Halted 
@5128000: Halted 
@5129000: Halted 
@5130000: Halted 
@5131000: Halted 
@5132000: Halted 
@5133000: Halted 
@5134000: Halted 
@5135000: Halted 
@5136000: Halted 
@5137000: Halted 
@5138000: Halted 
@5139000: Halted 
@5140000: Halted 
@5141000: Halted 
@5142000: Halted 
@5143000: Halted 
@5144000: Halted 
@5145000: Halted 
@5146000: Halted 
@5147000: Halted 
@5148000: Halted 
@5149000: Halted 
@5150000: Halted 
@5151000: Halted 
@5152000: Halted 
@5153000: Halted 
@5154000: Halted 
@5155000: Halted 
@5156000: Halted 
@5157000: Halted 
@5158000: Halted 
@5159000: Halted 
@5160000: Halted 
@5161000: Halted 
@5162000: Halted 
@5163000: Halted 
@5164000: Halted 
@5165000: Halted 
@5166000: Halted 
@5167000: Halted 
@5168000: Halted 
@5169000: Halted 
@5170000: Halted 
@5171000: Halted 
@5172000: Halted 
@5173000: Halted 
@5174000: Halted 
@5175000: Halted 
@5176000: Halted 
@5177000: Halted 
@5178000: Halted 
@5179000: Halted 
@5180000: Halted 
@5181000: Halted 
@5182000: Halted 
@5183000: Halted 
@5184000: Halted 
@5185000: Halted 
@5186000: Halted 
@5187000: Halted 
@5188000: Halted 
@5189000: Halted 
@5190000: Halted 
@5191000: Halted 
@5192000: Halted 
@5193000: Halted 
@5194000: Halted 
@5195000: Halted 
@5196000: Halted 
@5197000: Halted 
@5198000: Halted 
@5199000: Halted 
@5200000: Halted 
@5201000: Halted 
@5202000: Halted 
@5203000: Halted 
@5204000: Halted 
@5205000: Halted 
@5206000: Halted 
@5207000: Halted 
@5208000: Halted 
@5209000: Halted 
@5210000: Halted 
@5211000: Halted 
@5212000: Halted 
@5213000: Halted 
@5214000: Halted 
@5215000: Halted 
@5216000: Halted 
@5217000: Halted 
@5218000: Halted 
@5219000: Halted 
@5220000: Halted 
@5221000: Halted 
@5222000: Halted 
@5223000: Halted 
@5224000: Halted 
@5225000: Halted 
@5226000: Halted 
@5227000: Halted 
@5228000: Halted 
@5229000: Halted 
@5230000: Halted 
@5231000: Halted 
@5232000: Halted 
@5233000: Halted 
@5234000: Halted 
@5235000: Halted 
@5236000: Halted 
@5237000: Halted 
@5238000: Halted 
@5239000: Halted 
@5240000: Halted 
@5241000: Halted 
@5242000: Halted 
@5243000: Halted 
@5244000: Halted 
@5245000: Halted 
@5246000: Halted 
@5247000: Halted 
@5248000: Halted 
@5249000: Halted 
@5250000: Halted 
@5251000: Halted 
@5252000: Halted 
@5253000: Halted 
@5254000: Halted 
@5255000: Halted 
@5256000: Halted 
@5257000: Halted 
@5258000: Halted 
@5259000: Halted 
@5260000: Halted 
@5261000: Halted 
@5262000: Halted 
@5263000: Halted 
@5264000: Halted 
@5265000: Halted 
@5266000: Halted 
@5267000: Halted 
@5268000: Halted 
@5269000: Halted 
@5270000: Halted 
@5271000: Halted 
@5272000: Halted 
@5273000: Halted 
@5274000: Halted 
@5275000: Halted 
@5276000: Halted 
@5277000: Halted 
@5278000: Halted 
@5279000: Halted 
@5280000: Halted 
@5281000: Halted 
@5282000: Halted 
@5283000: Halted 
@5284000: Halted 
@5285000: Halted 
@5286000: Halted 
@5287000: Halted 
@5288000: Halted 
@5289000: Halted 
@5290000: Halted 
@5291000: Halted 
@5292000: Halted 
@5293000: Halted 
@5294000: Halted 
@5295000: Halted 
@5296000: Halted 
@5297000: Halted 
@5298000: Halted 
@5299000: Halted 
@5300000: Halted 
@5301000: Halted 
@5302000: Halted 
@5303000: Halted 
@5304000: Halted 
@5305000: Halted 
@5306000: Halted 
@5307000: Halted 
@5308000: Halted 
@5309000: Halted 
@5310000: Halted 
@5311000: Halted 
@5312000: Halted 
@5313000: Halted 
@5314000: Halted 
@5315000: Halted 
@5316000: Halted 
@5317000: Halted 
@5318000: Halted 
@5319000: Halted 
@5320000: Halted 
@5321000: Halted 
@5322000: Halted 
@5323000: Halted 
@5324000: Halted 
@5325000: Halted 
@5326000: Halted 
@5327000: Halted 
@5328000: Halted 
@5329000: Halted 
@5330000: Halted 
@5331000: Halted 
@5332000: Halted 
@5333000: Halted 
@5334000: Halted 
@5335000: Halted 
@5336000: Halted 
@5337000: Halted 
@5338000: Halted 
@5339000: Halted 
@5340000: Halted 
@5341000: Halted 
@5342000: Halted 
@5343000: Halted 
@5344000: Halted 
@5345000: Halted 
@5346000: Halted 
@5347000: Halted 
@5348000: Halted 
@5349000: Halted 
@5350000: Halted 
@5351000: Halted 
@5352000: Halted 
@5353000: Halted 
@5354000: Halted 
@5355000: Halted 
@5356000: Halted 
@5357000: Halted 
@5358000: Halted 
@5359000: Halted 
@5360000: Halted 
@5361000: Halted 
@5362000: Halted 
@5363000: Halted 
@5364000: Halted 
@5365000: Halted 
@5366000: Halted 
@5367000: Halted 
@5368000: Halted 
@5369000: Halted 
@5370000: Halted 
@5371000: Halted 
@5372000: Halted 
@5373000: Halted 
@5374000: Halted 
@5375000: Halted 
@5376000: Halted 
@5377000: Halted 
@5378000: Halted 
@5379000: Halted 
@5380000: Halted 
@5381000: Halted 
@5382000: Halted 
@5383000: Halted 
@5384000: Halted 
@5385000: Halted 
@5386000: Halted 
@5387000: Halted 
@5388000: Halted 
@5389000: Halted 
@5390000: Halted 
@5391000: Halted 
@5392000: Halted 
@5393000: Halted 
@5394000: Halted 
@5395000: Halted 
@5396000: Halted 
@5397000: Halted 
@5398000: Halted 
@5399000: Halted 
@5400000: Halted 
@5401000: Halted 
@5402000: Halted 
@5403000: Halted 
@5404000: Halted 
@5405000: Halted 
@5406000: Halted 
